<?xml version="1.0" ?>
<coverage branch-rate="0.101" branches-covered="213" branches-valid="2108" complexity="0" line-rate="0.2468" lines-covered="1518" lines-valid="6150" timestamp="1571494056485" version="4.5.4">
	<!-- Generated by coverage.py: https://coverage.readthedocs.io -->
	<!-- Based on https://raw.githubusercontent.com/cobertura/web/master/htdocs/xml/coverage-04.dtd -->
	<sources>
		<source>/home/ronozor/Downloads/Projects/SmartStorageProject/thanosback</source>
	</sources>
	<packages>
		<package branch-rate="0" complexity="0" line-rate="0.3077" name=".home.ronozor.Downloads.Projects.SmartStorageProject.SSVenv3.lib.python3.6.site-packages.bootstrap4">
			<classes>
				<class branch-rate="1" complexity="0" filename="/home/ronozor/Downloads/Projects/SmartStorageProject/SSVenv3/lib/python3.6/site-packages/bootstrap4/bootstrap.py" line-rate="0.4359" name="bootstrap.py">
					<methods/>
					<lines>
						<line hits="1" number="2"/>
						<line hits="1" number="4"/>
						<line hits="1" number="6"/>
						<line hits="1" number="10"/>
						<line hits="1" number="55"/>
						<line hits="0" number="60"/>
						<line hits="0" number="63"/>
						<line hits="0" number="66"/>
						<line hits="0" number="68"/>
						<line hits="1" number="71"/>
						<line hits="0" number="75"/>
						<line hits="1" number="78"/>
						<line hits="0" number="82"/>
						<line hits="1" number="85"/>
						<line hits="0" number="91"/>
						<line hits="1" number="94"/>
						<line hits="0" number="98"/>
						<line hits="1" number="101"/>
						<line hits="0" number="105"/>
						<line hits="1" number="108"/>
						<line hits="0" number="112"/>
						<line hits="1" number="115"/>
						<line hits="0" number="119"/>
						<line hits="1" number="122"/>
						<line hits="0" number="126"/>
						<line hits="1" number="129"/>
						<line hits="0" number="130"/>
						<line hits="0" number="131"/>
						<line hits="0" number="132"/>
						<line hits="0" number="133"/>
						<line hits="1" number="136"/>
						<line hits="0" number="137"/>
						<line hits="0" number="138"/>
						<line hits="1" number="141"/>
						<line hits="0" number="142"/>
						<line hits="0" number="143"/>
						<line hits="1" number="146"/>
						<line hits="0" number="147"/>
						<line hits="0" number="148"/>
					</lines>
				</class>
				<class branch-rate="0" complexity="0" filename="/home/ronozor/Downloads/Projects/SmartStorageProject/SSVenv3/lib/python3.6/site-packages/bootstrap4/components.py" line-rate="0.375" name="components.py">
					<methods/>
					<lines>
						<line hits="1" number="2"/>
						<line hits="1" number="4"/>
						<line hits="1" number="5"/>
						<line hits="1" number="6"/>
						<line hits="1" number="8"/>
						<line hits="1" number="11"/>
						<line hits="0" number="15"/>
						<line branch="true" condition-coverage="0% (0/2)" hits="0" missing-branches="17,18" number="16"/>
						<line hits="0" number="17"/>
						<line hits="0" number="18"/>
						<line branch="true" condition-coverage="0% (0/2)" hits="0" missing-branches="20,26" number="19"/>
						<line hits="0" number="20"/>
						<line hits="0" number="21"/>
						<line hits="0" number="25"/>
						<line hits="0" number="26"/>
						<line hits="0" number="27"/>
					</lines>
				</class>
				<class branch-rate="1" complexity="0" filename="/home/ronozor/Downloads/Projects/SmartStorageProject/SSVenv3/lib/python3.6/site-packages/bootstrap4/exceptions.py" line-rate="1" name="exceptions.py">
					<methods/>
					<lines>
						<line hits="1" number="2"/>
						<line hits="1" number="5"/>
						<line hits="1" number="10"/>
						<line hits="1" number="13"/>
						<line hits="1" number="18"/>
					</lines>
				</class>
				<class branch-rate="0" complexity="0" filename="/home/ronozor/Downloads/Projects/SmartStorageProject/SSVenv3/lib/python3.6/site-packages/bootstrap4/forms.py" line-rate="0.2188" name="forms.py">
					<methods/>
					<lines>
						<line hits="1" number="2"/>
						<line hits="1" number="4"/>
						<line hits="1" number="5"/>
						<line hits="1" number="16"/>
						<line hits="1" number="17"/>
						<line hits="1" number="19"/>
						<line hits="1" number="25"/>
						<line hits="1" number="26"/>
						<line hits="1" number="27"/>
						<line hits="1" number="29"/>
						<line hits="1" number="32"/>
						<line hits="0" number="36"/>
						<line hits="0" number="37"/>
						<line hits="1" number="40"/>
						<line hits="0" number="44"/>
						<line hits="0" number="45"/>
						<line hits="1" number="48"/>
						<line hits="0" number="52"/>
						<line hits="0" number="53"/>
						<line hits="1" number="56"/>
						<line hits="0" number="60"/>
						<line hits="0" number="61"/>
						<line hits="1" number="64"/>
						<line hits="0" number="68"/>
						<line hits="0" number="69"/>
						<line hits="1" number="72"/>
						<line hits="0" number="76"/>
						<line branch="true" condition-coverage="0% (0/2)" hits="0" missing-branches="78,79" number="77"/>
						<line hits="0" number="78"/>
						<line branch="true" condition-coverage="0% (0/2)" hits="0" missing-branches="80,81" number="79"/>
						<line hits="0" number="80"/>
						<line branch="true" condition-coverage="0% (0/2)" hits="0" missing-branches="82,83" number="81"/>
						<line hits="0" number="82"/>
						<line hits="0" number="83"/>
						<line hits="1" number="86"/>
						<line hits="0" number="101"/>
						<line hits="0" number="102"/>
						<line hits="0" number="103"/>
						<line branch="true" condition-coverage="0% (0/2)" hits="0" missing-branches="105,106" number="104"/>
						<line hits="0" number="105"/>
						<line branch="true" condition-coverage="0% (0/2)" hits="0" missing-branches="107,108" number="106"/>
						<line hits="0" number="107"/>
						<line branch="true" condition-coverage="0% (0/2)" hits="0" missing-branches="109,110" number="108"/>
						<line hits="0" number="109"/>
						<line branch="true" condition-coverage="0% (0/2)" hits="0" missing-branches="111,112" number="110"/>
						<line hits="0" number="111"/>
						<line branch="true" condition-coverage="0% (0/2)" hits="0" missing-branches="113,117" number="112"/>
						<line hits="0" number="113"/>
						<line branch="true" condition-coverage="0% (0/2)" hits="0" missing-branches="118,126" number="117"/>
						<line branch="true" condition-coverage="0% (0/2)" hits="0" missing-branches="119,123" number="118"/>
						<line hits="0" number="119"/>
						<line branch="true" condition-coverage="0% (0/2)" hits="0" missing-branches="124,126" number="123"/>
						<line hits="0" number="124"/>
						<line hits="0" number="126"/>
						<line hits="0" number="127"/>
						<line branch="true" condition-coverage="0% (0/2)" hits="0" missing-branches="130,141" number="129"/>
						<line hits="0" number="130"/>
						<line branch="true" condition-coverage="0% (0/2)" hits="0" missing-branches="132,137" number="131"/>
						<line hits="0" number="132"/>
						<line hits="0" number="137"/>
						<line hits="0" number="139"/>
						<line hits="0" number="141"/>
						<line branch="true" condition-coverage="0% (0/2)" hits="0" missing-branches="144,145" number="143"/>
						<line hits="0" number="144"/>
						<line branch="true" condition-coverage="0% (0/2)" hits="0" missing-branches="146,147" number="145"/>
						<line hits="0" number="146"/>
						<line branch="true" condition-coverage="0% (0/2)" hits="0" missing-branches="148,149" number="147"/>
						<line hits="0" number="148"/>
						<line branch="true" condition-coverage="0% (0/2)" hits="0" missing-branches="150,151" number="149"/>
						<line hits="0" number="150"/>
						<line hits="0" number="151"/>
						<line hits="1" number="154"/>
						<line branch="true" condition-coverage="0% (0/2)" hits="0" missing-branches="161,168" number="160"/>
						<line branch="true" condition-coverage="0% (0/2)" hits="0" missing-branches="162,163" number="161"/>
						<line hits="0" number="162"/>
						<line branch="true" condition-coverage="0% (0/2)" hits="0" missing-branches="164,165" number="163"/>
						<line hits="0" number="164"/>
						<line branch="true" condition-coverage="0% (0/2)" hits="0" missing-branches="166,167" number="165"/>
						<line hits="0" number="166"/>
						<line hits="0" number="167"/>
						<line hits="0" number="168"/>
						<line branch="true" condition-coverage="0% (0/2)" hits="0" missing-branches="170,171" number="169"/>
						<line hits="0" number="170"/>
						<line branch="true" condition-coverage="0% (0/2)" hits="0" missing-branches="172,173" number="171"/>
						<line hits="0" number="172"/>
						<line hits="0" number="173"/>
						<line hits="1" number="176"/>
						<line hits="0" number="180"/>
						<line hits="1" number="183"/>
						<line branch="true" condition-coverage="0% (0/2)" hits="0" missing-branches="188,189" number="187"/>
						<line hits="0" number="188"/>
						<line branch="true" condition-coverage="0% (0/2)" hits="0" missing-branches="192,193" number="189"/>
						<line hits="0" number="192"/>
						<line hits="0" number="193"/>
						<line hits="1" number="196"/>
						<line hits="0" number="205"/>
					</lines>
				</class>
				<class branch-rate="1" complexity="0" filename="/home/ronozor/Downloads/Projects/SmartStorageProject/SSVenv3/lib/python3.6/site-packages/bootstrap4/models.py" line-rate="1" name="models.py">
					<methods/>
					<lines/>
				</class>
				<class branch-rate="0" complexity="0" filename="/home/ronozor/Downloads/Projects/SmartStorageProject/SSVenv3/lib/python3.6/site-packages/bootstrap4/text.py" line-rate="0.3846" name="text.py">
					<methods/>
					<lines>
						<line hits="1" number="2"/>
						<line hits="1" number="5"/>
						<line hits="1" number="6"/>
						<line hits="0" number="7"/>
						<line hits="0" number="8"/>
						<line hits="1" number="11"/>
						<line branch="true" condition-coverage="0% (0/2)" hits="0" missing-branches="16,17" number="15"/>
						<line hits="0" number="16"/>
						<line hits="0" number="17"/>
						<line hits="1" number="20"/>
						<line hits="0" number="24"/>
						<line branch="true" condition-coverage="0% (0/2)" hits="0" missing-branches="exit,26" number="25"/>
						<line hits="0" number="26"/>
					</lines>
				</class>
				<class branch-rate="0" complexity="0" filename="/home/ronozor/Downloads/Projects/SmartStorageProject/SSVenv3/lib/python3.6/site-packages/bootstrap4/utils.py" line-rate="0.2857" name="utils.py">
					<methods/>
					<lines>
						<line hits="1" number="2"/>
						<line hits="1" number="4"/>
						<line hits="1" number="6"/>
						<line hits="1" number="7"/>
						<line hits="1" number="8"/>
						<line hits="1" number="9"/>
						<line hits="1" number="10"/>
						<line hits="1" number="11"/>
						<line hits="1" number="12"/>
						<line hits="1" number="13"/>
						<line hits="1" number="14"/>
						<line hits="1" number="16"/>
						<line hits="1" number="18"/>
						<line hits="1" number="19"/>
						<line hits="0" number="20"/>
						<line hits="0" number="22"/>
						<line hits="1" number="26"/>
						<line hits="1" number="29"/>
						<line branch="true" condition-coverage="0% (0/2)" hits="0" missing-branches="35,38" number="34"/>
						<line hits="0" number="35"/>
						<line hits="0" number="38"/>
						<line branch="true" condition-coverage="0% (0/2)" hits="0" missing-branches="40,42" number="39"/>
						<line hits="0" number="40"/>
						<line hits="0" number="42"/>
						<line hits="0" number="43"/>
						<line hits="0" number="44"/>
						<line hits="0" number="45"/>
						<line hits="1" number="48"/>
						<line hits="0" number="52"/>
						<line hits="0" number="53"/>
						<line hits="0" number="54"/>
						<line hits="0" number="55"/>
						<line hits="0" number="56"/>
						<line branch="true" condition-coverage="0% (0/2)" hits="0" missing-branches="58,60" number="57"/>
						<line hits="0" number="58"/>
						<line hits="0" number="59"/>
						<line branch="true" condition-coverage="0% (0/2)" hits="0" missing-branches="61,70" number="60"/>
						<line branch="true" condition-coverage="0% (0/2)" hits="0" missing-branches="62,70" number="61"/>
						<line hits="0" number="62"/>
						<line branch="true" condition-coverage="0% (0/2)" hits="0" missing-branches="64,65" number="63"/>
						<line hits="0" number="64"/>
						<line hits="0" number="65"/>
						<line branch="true" condition-coverage="0% (0/2)" hits="0" missing-branches="67,69" number="66"/>
						<line hits="0" number="67"/>
						<line hits="0" number="69"/>
						<line hits="0" number="70"/>
						<line hits="1" number="73"/>
						<line hits="0" number="77"/>
						<line branch="true" condition-coverage="0% (0/2)" hits="0" missing-branches="exit,exit" number="78"/>
						<line hits="1" number="81"/>
						<line hits="0" number="85"/>
						<line branch="true" condition-coverage="0% (0/2)" hits="0" missing-branches="exit,87" number="86"/>
						<line branch="true" condition-coverage="0% (0/2)" hits="0" missing-branches="88,90" number="87"/>
						<line hits="0" number="88"/>
						<line hits="0" number="90"/>
						<line hits="0" number="91"/>
						<line hits="1" number="94"/>
						<line hits="0" number="98"/>
						<line branch="true" condition-coverage="0% (0/2)" hits="0" missing-branches="exit,100" number="99"/>
						<line hits="0" number="100"/>
						<line hits="1" number="103"/>
						<line hits="0" number="107"/>
						<line hits="0" number="108"/>
						<line hits="0" number="109"/>
						<line hits="1" number="112"/>
						<line hits="0" number="116"/>
						<line hits="0" number="117"/>
						<line hits="0" number="118"/>
						<line branch="true" condition-coverage="0% (0/2)" hits="0" missing-branches="120,121" number="119"/>
						<line hits="0" number="120"/>
						<line hits="0" number="121"/>
						<line hits="1" number="124"/>
						<line hits="0" number="128"/>
						<line branch="true" condition-coverage="0% (0/2)" hits="0" missing-branches="130,131" number="129"/>
						<line hits="0" number="130"/>
						<line hits="0" number="131"/>
						<line hits="1" number="139"/>
						<line hits="0" number="143"/>
						<line hits="0" number="144"/>
						<line hits="0" number="145"/>
						<line hits="1" number="148"/>
						<line hits="0" number="152"/>
						<line hits="0" number="154"/>
						<line branch="true" condition-coverage="0% (0/2)" hits="0" missing-branches="157,159" number="156"/>
						<line hits="0" number="157"/>
						<line hits="0" number="159"/>
						<line hits="0" number="161"/>
						<line hits="1" number="175"/>
						<line branch="true" condition-coverage="0% (0/2)" hits="0" missing-branches="180,181" number="179"/>
						<line hits="0" number="180"/>
						<line hits="0" number="181"/>
					</lines>
				</class>
			</classes>
		</package>
		<package branch-rate="0" complexity="0" line-rate="0.2378" name=".home.ronozor.Downloads.Projects.SmartStorageProject.SSVenv3.lib.python3.6.site-packages.bootstrap4.templatetags">
			<classes>
				<class branch-rate="1" complexity="0" filename="/home/ronozor/Downloads/Projects/SmartStorageProject/SSVenv3/lib/python3.6/site-packages/bootstrap4/templatetags/__init__.py" line-rate="1" name="__init__.py">
					<methods/>
					<lines/>
				</class>
				<class branch-rate="0" complexity="0" filename="/home/ronozor/Downloads/Projects/SmartStorageProject/SSVenv3/lib/python3.6/site-packages/bootstrap4/templatetags/bootstrap4.py" line-rate="0.2378" name="bootstrap4.py">
					<methods/>
					<lines>
						<line hits="1" number="2"/>
						<line hits="1" number="4"/>
						<line hits="1" number="6"/>
						<line hits="1" number="7"/>
						<line hits="1" number="8"/>
						<line hits="1" number="9"/>
						<line hits="1" number="10"/>
						<line hits="1" number="11"/>
						<line hits="1" number="13"/>
						<line hits="1" number="22"/>
						<line hits="1" number="23"/>
						<line hits="1" number="34"/>
						<line hits="1" number="44"/>
						<line hits="1" number="52"/>
						<line hits="1" number="55"/>
						<line hits="0" number="62"/>
						<line hits="1" number="65"/>
						<line hits="0" number="70"/>
						<line hits="0" number="71"/>
						<line hits="0" number="72"/>
						<line hits="0" number="73"/>
						<line hits="0" number="74"/>
						<line branch="true" condition-coverage="0% (0/2)" hits="0" missing-branches="76,77" number="75"/>
						<line hits="0" number="76"/>
						<line hits="0" number="77"/>
						<line hits="0" number="78"/>
						<line hits="0" number="79"/>
						<line hits="0" number="80"/>
						<line hits="0" number="81"/>
						<line hits="0" number="83"/>
						<line hits="0" number="84"/>
						<line hits="0" number="85"/>
						<line hits="0" number="86"/>
						<line hits="0" number="87"/>
						<line hits="1" number="90"/>
						<line hits="0" number="111"/>
						<line hits="1" number="114"/>
						<line hits="0" number="135"/>
						<line hits="1" number="138"/>
						<line hits="0" number="159"/>
						<line hits="1" number="162"/>
						<line hits="0" number="183"/>
						<line hits="1" number="186"/>
						<line hits="0" number="207"/>
						<line hits="1" number="210"/>
						<line hits="0" number="231"/>
						<line hits="1" number="234"/>
						<line hits="0" number="258"/>
						<line branch="true" condition-coverage="0% (0/2)" hits="0" missing-branches="260,261" number="259"/>
						<line hits="0" number="260"/>
						<line branch="true" condition-coverage="0% (0/2)" hits="0" missing-branches="exit,exit" number="261"/>
						<line hits="1" number="264"/>
						<line hits="1" number="265"/>
						<line branch="true" condition-coverage="0% (0/2)" hits="0" missing-branches="292,293" number="291"/>
						<line hits="0" number="292"/>
						<line branch="true" condition-coverage="0% (0/2)" hits="0" missing-branches="294,296" number="293"/>
						<line hits="0" number="294"/>
						<line hits="0" number="296"/>
						<line branch="true" condition-coverage="0% (0/2)" hits="0" missing-branches="299,301" number="298"/>
						<line hits="0" number="299"/>
						<line hits="0" number="301"/>
						<line hits="0" number="302"/>
						<line hits="0" number="304"/>
						<line hits="1" number="307"/>
						<line hits="1" number="308"/>
						<line hits="0" number="338"/>
						<line hits="0" number="341"/>
						<line branch="true" condition-coverage="0% (0/2)" hits="0" missing-branches="345,348" number="344"/>
						<line hits="0" number="345"/>
						<line hits="0" number="348"/>
						<line branch="true" condition-coverage="0% (0/2)" hits="0" missing-branches="350,353" number="349"/>
						<line hits="0" number="350"/>
						<line hits="0" number="353"/>
						<line branch="true" condition-coverage="0% (0/2)" hits="0" missing-branches="355,358" number="354"/>
						<line hits="0" number="355"/>
						<line hits="0" number="358"/>
						<line hits="1" number="361"/>
						<line hits="0" number="388"/>
						<line hits="1" number="391"/>
						<line hits="0" number="416"/>
						<line hits="1" number="419"/>
						<line hits="0" number="447"/>
						<line hits="1" number="450"/>
						<line hits="0" number="486"/>
						<line hits="1" number="489"/>
						<line hits="0" number="613"/>
						<line hits="1" number="616"/>
						<line hits="0" number="648"/>
						<line hits="1" number="651"/>
						<line hits="0" number="714"/>
						<line hits="1" number="717"/>
						<line hits="1" number="718"/>
						<line hits="0" number="753"/>
						<line hits="1" number="756"/>
						<line hits="0" number="782"/>
						<line hits="0" number="783"/>
						<line hits="0" number="784"/>
						<line hits="0" number="785"/>
						<line hits="1" number="788"/>
						<line hits="1" number="789"/>
						<line hits="0" number="790"/>
						<line hits="0" number="791"/>
						<line hits="0" number="792"/>
						<line hits="0" number="793"/>
						<line hits="1" number="795"/>
						<line hits="0" number="796"/>
						<line branch="true" condition-coverage="0% (0/2)" hits="0" missing-branches="798,799" number="797"/>
						<line hits="0" number="798"/>
						<line hits="0" number="799"/>
						<line hits="0" number="800"/>
						<line hits="0" number="801"/>
						<line branch="true" condition-coverage="0% (0/2)" hits="0" missing-branches="803,804" number="802"/>
						<line hits="0" number="803"/>
						<line branch="true" condition-coverage="0% (0/2)" hits="0" missing-branches="805,806" number="804"/>
						<line hits="0" number="805"/>
						<line hits="0" number="806"/>
						<line hits="0" number="807"/>
						<line hits="0" number="808"/>
						<line branch="true" condition-coverage="0% (0/2)" hits="0" missing-branches="810,813" number="809"/>
						<line hits="0" number="810"/>
						<line hits="0" number="811"/>
						<line hits="0" number="813"/>
						<line hits="1" number="816"/>
						<line branch="true" condition-coverage="0% (0/2)" hits="0" missing-branches="849,850" number="848"/>
						<line hits="0" number="849"/>
						<line hits="0" number="850"/>
						<line hits="0" number="851"/>
						<line hits="1" number="854"/>
						<line hits="0" number="908"/>
						<line hits="0" number="909"/>
						<line hits="0" number="910"/>
						<line hits="1" number="913"/>
						<line hits="0" number="915"/>
						<line hits="1" number="918"/>
						<line hits="0" number="930"/>
						<line branch="true" condition-coverage="0% (0/2)" hits="0" missing-branches="932,937" number="931"/>
						<line hits="0" number="932"/>
						<line hits="0" number="937"/>
						<line hits="0" number="938"/>
						<line hits="0" number="939"/>
						<line branch="true" condition-coverage="0% (0/2)" hits="0" missing-branches="941,942" number="940"/>
						<line hits="0" number="941"/>
						<line hits="0" number="942"/>
						<line branch="true" condition-coverage="0% (0/2)" hits="0" missing-branches="944,945" number="943"/>
						<line hits="0" number="944"/>
						<line branch="true" condition-coverage="0% (0/2)" hits="0" missing-branches="946,950" number="945"/>
						<line hits="0" number="946"/>
						<line branch="true" condition-coverage="0% (0/2)" hits="0" missing-branches="948,951" number="947"/>
						<line hits="0" number="948"/>
						<line hits="0" number="950"/>
						<line hits="0" number="951"/>
						<line branch="true" condition-coverage="0% (0/2)" hits="0" missing-branches="953,954" number="952"/>
						<line hits="0" number="953"/>
						<line branch="true" condition-coverage="0% (0/2)" hits="0" missing-branches="955,956" number="954"/>
						<line hits="0" number="955"/>
						<line branch="true" condition-coverage="0% (0/2)" hits="0" missing-branches="957,961" number="956"/>
						<line hits="0" number="957"/>
						<line branch="true" condition-coverage="0% (0/2)" hits="0" missing-branches="959,968" number="958"/>
						<line hits="0" number="959"/>
						<line hits="0" number="961"/>
						<line branch="true" condition-coverage="0% (0/2)" hits="0" missing-branches="963,964" number="962"/>
						<line hits="0" number="963"/>
						<line branch="true" condition-coverage="0% (0/2)" hits="0" missing-branches="965,967" number="964"/>
						<line hits="0" number="965"/>
						<line hits="0" number="967"/>
						<line hits="0" number="968"/>
						<line branch="true" condition-coverage="0% (0/2)" hits="0" missing-branches="970,973" number="969"/>
						<line hits="0" number="970"/>
						<line hits="0" number="973"/>
						<line hits="0" number="974"/>
						<line branch="true" condition-coverage="0% (0/2)" hits="0" missing-branches="978,981" number="977"/>
						<line hits="0" number="978"/>
						<line hits="0" number="981"/>
						<line hits="0" number="993"/>
						<line branch="true" condition-coverage="0% (0/2)" hits="0" missing-branches="995,996" number="994"/>
						<line hits="0" number="995"/>
						<line branch="true" condition-coverage="0% (0/2)" hits="0" missing-branches="997,999" number="996"/>
						<line hits="0" number="997"/>
						<line branch="true" condition-coverage="0% (0/2)" hits="0" missing-branches="1000,1001" number="999"/>
						<line hits="0" number="1000"/>
						<line branch="true" condition-coverage="0% (0/2)" hits="0" missing-branches="1002,1003" number="1001"/>
						<line hits="0" number="1002"/>
						<line branch="true" condition-coverage="0% (0/2)" hits="0" missing-branches="1004,1006" number="1003"/>
						<line hits="0" number="1004"/>
						<line hits="0" number="1006"/>
					</lines>
				</class>
			</classes>
		</package>
		<package branch-rate="0.1552" complexity="0" line-rate="0.1296" name=".home.ronozor.Downloads.Projects.SmartStorageProject.SSVenv3.lib.python3.6.site-packages.django.contrib.admin">
			<classes>
				<class branch-rate="1" complexity="0" filename="/home/ronozor/Downloads/Projects/SmartStorageProject/SSVenv3/lib/python3.6/site-packages/django/contrib/admin/__init__.py" line-rate="0.1" name="__init__.py">
					<methods/>
					<lines>
						<line hits="0" number="3"/>
						<line hits="0" number="4"/>
						<line hits="0" number="9"/>
						<line hits="0" number="10"/>
						<line hits="0" number="13"/>
						<line hits="0" number="14"/>
						<line hits="0" number="16"/>
						<line hits="0" number="25"/>
						<line hits="1" number="26"/>
						<line hits="0" number="29"/>
					</lines>
				</class>
				<class branch-rate="1" complexity="0" filename="/home/ronozor/Downloads/Projects/SmartStorageProject/SSVenv3/lib/python3.6/site-packages/django/contrib/admin/apps.py" line-rate="0.2667" name="apps.py">
					<methods/>
					<lines>
						<line hits="0" number="1"/>
						<line hits="0" number="2"/>
						<line hits="0" number="3"/>
						<line hits="0" number="4"/>
						<line hits="0" number="7"/>
						<line hits="0" number="10"/>
						<line hits="0" number="11"/>
						<line hits="0" number="12"/>
						<line hits="0" number="14"/>
						<line hits="1" number="15"/>
						<line hits="1" number="16"/>
						<line hits="0" number="19"/>
						<line hits="0" number="22"/>
						<line hits="1" number="23"/>
						<line hits="1" number="24"/>
					</lines>
				</class>
				<class branch-rate="0.4084" complexity="0" filename="/home/ronozor/Downloads/Projects/SmartStorageProject/SSVenv3/lib/python3.6/site-packages/django/contrib/admin/checks.py" line-rate="0.3094" name="checks.py">
					<methods/>
					<lines>
						<line hits="0" number="1"/>
						<line hits="0" number="2"/>
						<line hits="0" number="4"/>
						<line hits="0" number="5"/>
						<line hits="0" number="6"/>
						<line hits="0" number="9"/>
						<line hits="0" number="10"/>
						<line hits="0" number="11"/>
						<line hits="0" number="12"/>
						<line hits="0" number="13"/>
						<line hits="0" number="14"/>
						<line hits="0" number="17"/>
						<line hits="0" number="18"/>
						<line hits="0" number="19"/>
						<line hits="0" number="20"/>
						<line hits="0" number="21"/>
						<line hits="0" number="24"/>
						<line hits="1" number="29"/>
						<line hits="1" number="30"/>
						<line hits="0" number="31"/>
						<line hits="0" number="32"/>
						<line hits="0" number="35"/>
						<line hits="1" number="40"/>
						<line branch="true" condition-coverage="50% (1/2)" hits="1" missing-branches="49" number="41"/>
						<line hits="1" number="42"/>
						<line hits="1" number="43"/>
						<line hits="0" number="44"/>
						<line hits="0" number="46"/>
						<line branch="true" condition-coverage="100% (2/2)" hits="1" number="47"/>
						<line hits="1" number="48"/>
						<line hits="0" number="49"/>
						<line hits="0" number="52"/>
						<line hits="1" number="53"/>
						<line hits="1" number="54"/>
						<line branch="true" condition-coverage="100% (2/2)" hits="1" number="55"/>
						<line hits="1" number="56"/>
						<line hits="1" number="57"/>
						<line hits="0" number="60"/>
						<line branch="true" condition-coverage="50% (1/2)" hits="1" missing-branches="65" number="64"/>
						<line hits="0" number="65"/>
						<line hits="1" number="66"/>
						<line hits="1" number="67"/>
						<line branch="true" condition-coverage="100% (2/2)" hits="1" number="72"/>
						<line branch="true" condition-coverage="50% (1/2)" hits="1" missing-branches="74" number="73"/>
						<line hits="0" number="74"/>
						<line branch="true" condition-coverage="50% (1/2)" hits="1" missing-branches="84" number="79"/>
						<line branch="true" condition-coverage="50% (1/2)" hits="1" missing-branches="79" number="80"/>
						<line hits="1" number="81"/>
						<line hits="1" number="82"/>
						<line hits="0" number="84"/>
						<line branch="true" condition-coverage="50% (1/2)" hits="1" missing-branches="86" number="85"/>
						<line hits="0" number="86"/>
						<line branch="true" condition-coverage="50% (1/2)" hits="1" missing-branches="96" number="93"/>
						<line hits="0" number="96"/>
						<line branch="true" condition-coverage="50% (1/2)" hits="1" missing-branches="104" number="102"/>
						<line hits="0" number="104"/>
						<line branch="true" condition-coverage="50% (1/2)" hits="1" missing-branches="112" number="111"/>
						<line hits="0" number="112"/>
						<line branch="true" condition-coverage="50% (1/2)" hits="1" missing-branches="118" number="117"/>
						<line hits="0" number="118"/>
						<line branch="true" condition-coverage="50% (1/2)" hits="1" missing-branches="124" number="123"/>
						<line hits="0" number="124"/>
						<line hits="1" number="129"/>
						<line hits="0" number="132"/>
						<line hits="0" number="134"/>
						<line hits="1" number="135"/>
						<line hits="0" number="151"/>
						<line branch="true" condition-coverage="50% (1/2)" hits="1" missing-branches="156" number="155"/>
						<line hits="0" number="156"/>
						<line branch="true" condition-coverage="100% (2/2)" hits="1" number="158"/>
						<line hits="0" number="163"/>
						<line hits="0" number="169"/>
						<line hits="0" number="170"/>
						<line hits="0" number="171"/>
						<line hits="0" number="172"/>
						<line branch="true" condition-coverage="0% (0/2)" hits="0" missing-branches="175,179" number="174"/>
						<line hits="0" number="175"/>
						<line hits="0" number="179"/>
						<line branch="true" condition-coverage="0% (0/2)" hits="0" missing-branches="181,192" number="180"/>
						<line hits="0" number="181"/>
						<line branch="true" condition-coverage="0% (0/2)" hits="0" missing-branches="193,204" number="192"/>
						<line hits="0" number="193"/>
						<line hits="0" number="204"/>
						<line hits="0" number="206"/>
						<line branch="true" condition-coverage="50% (1/2)" hits="1" missing-branches="211" number="210"/>
						<line hits="0" number="211"/>
						<line branch="true" condition-coverage="100% (2/2)" hits="1" number="213"/>
						<line hits="0" number="218"/>
						<line hits="0" number="223"/>
						<line hits="0" number="224"/>
						<line hits="0" number="225"/>
						<line hits="0" number="226"/>
						<line branch="true" condition-coverage="0% (0/2)" hits="0" missing-branches="229,231" number="228"/>
						<line hits="0" number="229"/>
						<line hits="0" number="231"/>
						<line hits="0" number="233"/>
						<line branch="true" condition-coverage="50% (1/2)" hits="1" missing-branches="240" number="238"/>
						<line hits="1" number="239"/>
						<line branch="true" condition-coverage="0% (0/2)" hits="0" missing-branches="241,242" number="240"/>
						<line hits="0" number="241"/>
						<line branch="true" condition-coverage="0% (0/2)" hits="0" missing-branches="243,250" number="242"/>
						<line hits="0" number="243"/>
						<line hits="0" number="250"/>
						<line branch="true" condition-coverage="0% (0/2)" hits="0" missing-branches="252,260" number="251"/>
						<line hits="0" number="252"/>
						<line branch="true" condition-coverage="0% (0/2)" hits="0" missing-branches="exit,exit" number="260"/>
						<line hits="0" number="265"/>
						<line branch="true" condition-coverage="100% (2/2)" hits="1" number="269"/>
						<line hits="1" number="270"/>
						<line branch="true" condition-coverage="50% (1/2)" hits="1" missing-branches="272" number="271"/>
						<line hits="0" number="272"/>
						<line hits="1" number="274"/>
						<line branch="true" condition-coverage="100% (2/2)" hits="1" number="275"/>
						<line hits="0" number="280"/>
						<line branch="true" condition-coverage="50% (1/2)" hits="1" missing-branches="285" number="284"/>
						<line hits="0" number="285"/>
						<line branch="true" condition-coverage="50% (1/2)" hits="1" missing-branches="287" number="286"/>
						<line hits="0" number="287"/>
						<line branch="true" condition-coverage="50% (1/2)" hits="1" missing-branches="289" number="288"/>
						<line hits="0" number="289"/>
						<line branch="true" condition-coverage="50% (1/2)" hits="1" missing-branches="291" number="290"/>
						<line hits="0" number="291"/>
						<line branch="true" condition-coverage="50% (1/2)" hits="1" missing-branches="299" number="298"/>
						<line hits="0" number="299"/>
						<line hits="1" number="301"/>
						<line branch="true" condition-coverage="50% (1/2)" hits="1" missing-branches="303" number="302"/>
						<line hits="0" number="303"/>
						<line branch="true" condition-coverage="100% (2/2)" hits="1" number="310"/>
						<line hits="0" number="315"/>
						<line branch="true" condition-coverage="50% (1/2)" hits="1" missing-branches="321" number="320"/>
						<line branch="true" condition-coverage="0% (0/2)" hits="0" missing-branches="exit,exit" number="321"/>
						<line hits="1" number="326"/>
						<line hits="0" number="328"/>
						<line branch="true" condition-coverage="50% (1/2)" hits="1" missing-branches="333" number="329"/>
						<line hits="0" number="333"/>
						<line hits="1" number="335"/>
						<line hits="1" number="336"/>
						<line hits="0" number="337"/>
						<line hits="0" number="340"/>
						<line branch="true" condition-coverage="50% (1/2)" hits="1" missing-branches="344" number="342"/>
						<line hits="0" number="344"/>
						<line hits="1" number="354"/>
						<line hits="0" number="356"/>
						<line branch="true" condition-coverage="50% (1/2)" hits="1" missing-branches="361" number="359"/>
						<line hits="1" number="360"/>
						<line branch="true" condition-coverage="0% (0/2)" hits="0" missing-branches="362,363" number="361"/>
						<line hits="0" number="362"/>
						<line branch="true" condition-coverage="0% (0/2)" hits="0" missing-branches="364,372" number="363"/>
						<line hits="0" number="364"/>
						<line hits="0" number="372"/>
						<line hits="0" number="374"/>
						<line branch="true" condition-coverage="50% (1/2)" hits="1" missing-branches="377" number="376"/>
						<line hits="0" number="377"/>
						<line hits="1" number="380"/>
						<line hits="0" number="382"/>
						<line branch="true" condition-coverage="50% (1/2)" hits="1" missing-branches="385" number="384"/>
						<line hits="0" number="385"/>
						<line branch="true" condition-coverage="100% (2/2)" hits="1" number="387"/>
						<line hits="0" number="392"/>
						<line branch="true" condition-coverage="50% (1/2)" hits="1" missing-branches="395" number="394"/>
						<line hits="0" number="395"/>
						<line branch="true" condition-coverage="100% (2/2)" hits="1" number="397"/>
						<line hits="0" number="402"/>
						<line hits="1" number="406"/>
						<line hits="1" number="407"/>
						<line hits="0" number="408"/>
						<line hits="0" number="409"/>
						<line branch="true" condition-coverage="50% (1/2)" hits="1" missing-branches="412" number="411"/>
						<line hits="0" number="412"/>
						<line hits="1" number="414"/>
						<line hits="0" number="416"/>
						<line branch="true" condition-coverage="50% (1/2)" hits="1" missing-branches="419" number="418"/>
						<line hits="0" number="419"/>
						<line branch="true" condition-coverage="100% (2/2)" hits="1" number="421"/>
						<line hits="0" number="427"/>
						<line hits="0" number="431"/>
						<line hits="0" number="432"/>
						<line hits="0" number="433"/>
						<line hits="0" number="434"/>
						<line branch="true" condition-coverage="0% (0/2)" hits="0" missing-branches="437,448" number="436"/>
						<line hits="0" number="437"/>
						<line hits="0" number="448"/>
						<line hits="0" number="450"/>
						<line hits="0" number="453"/>
						<line branch="true" condition-coverage="0% (0/2)" hits="0" missing-branches="456,464" number="455"/>
						<line hits="0" number="456"/>
						<line hits="0" number="464"/>
						<line hits="0" number="466"/>
						<line branch="true" condition-coverage="50% (1/2)" hits="1" missing-branches="468" number="467"/>
						<line hits="0" number="468"/>
						<line hits="1" number="476"/>
						<line hits="0" number="478"/>
						<line branch="true" condition-coverage="50% (1/2)" hits="1" missing-branches="482" number="481"/>
						<line hits="0" number="482"/>
						<line branch="true" condition-coverage="100% (2/2)" hits="1" number="484"/>
						<line hits="0" number="490"/>
						<line hits="0" number="495"/>
						<line hits="0" number="496"/>
						<line hits="0" number="497"/>
						<line hits="0" number="498"/>
						<line branch="true" condition-coverage="0% (0/2)" hits="0" missing-branches="501,510" number="500"/>
						<line hits="0" number="501"/>
						<line hits="0" number="510"/>
						<line hits="0" number="512"/>
						<line branch="true" condition-coverage="0% (0/2)" hits="0" missing-branches="517,519" number="516"/>
						<line hits="0" number="517"/>
						<line branch="true" condition-coverage="0% (0/2)" hits="0" missing-branches="exit,exit" number="519"/>
						<line hits="0" number="524"/>
						<line hits="0" number="528"/>
						<line hits="0" number="529"/>
						<line hits="0" number="530"/>
						<line hits="0" number="531"/>
						<line hits="0" number="533"/>
						<line hits="0" number="535"/>
						<line branch="true" condition-coverage="50% (1/2)" hits="1" missing-branches="540" number="539"/>
						<line hits="0" number="540"/>
						<line branch="true" condition-coverage="50% (1/2)" hits="1" missing-branches="542" number="541"/>
						<line hits="0" number="542"/>
						<line branch="true" condition-coverage="100% (2/2)" hits="1" number="544"/>
						<line hits="0" number="549"/>
						<line branch="true" condition-coverage="50% (1/2)" hits="1" missing-branches="552" number="551"/>
						<line branch="true" condition-coverage="0% (0/2)" hits="0" missing-branches="553,554" number="552"/>
						<line hits="0" number="553"/>
						<line branch="true" condition-coverage="0% (0/2)" hits="0" missing-branches="555,557" number="554"/>
						<line hits="0" number="555"/>
						<line hits="0" number="557"/>
						<line branch="true" condition-coverage="50% (1/2)" hits="1" missing-branches="559" number="558"/>
						<line hits="0" number="559"/>
						<line branch="true" condition-coverage="50% (1/2)" hits="1" missing-branches="569" number="568"/>
						<line hits="0" number="569"/>
						<line branch="true" condition-coverage="50% (1/2)" hits="1" missing-branches="573" number="570"/>
						<line hits="0" number="573"/>
						<line branch="true" condition-coverage="50% (1/2)" hits="1" missing-branches="576" number="575"/>
						<line hits="0" number="576"/>
						<line branch="true" condition-coverage="50% (1/2)" hits="1" missing-branches="578" number="577"/>
						<line hits="0" number="578"/>
						<line hits="1" number="579"/>
						<line hits="1" number="580"/>
						<line hits="0" number="581"/>
						<line hits="0" number="582"/>
						<line hits="1" number="584"/>
						<line hits="0" number="586"/>
						<line branch="true" condition-coverage="50% (1/2)" hits="1" missing-branches="591" number="589"/>
						<line hits="1" number="590"/>
						<line branch="true" condition-coverage="0% (0/2)" hits="0" missing-branches="592,594" number="591"/>
						<line hits="0" number="592"/>
						<line branch="true" condition-coverage="0% (0/2)" hits="0" missing-branches="exit,exit" number="594"/>
						<line hits="0" number="599"/>
						<line branch="true" condition-coverage="0% (0/2)" hits="0" missing-branches="601,602" number="600"/>
						<line hits="0" number="601"/>
						<line branch="true" condition-coverage="0% (0/2)" hits="0" missing-branches="603,604" number="602"/>
						<line hits="0" number="603"/>
						<line branch="true" condition-coverage="0% (0/2)" hits="0" missing-branches="605,607" number="604"/>
						<line hits="0" number="605"/>
						<line hits="0" number="607"/>
						<line hits="0" number="608"/>
						<line hits="0" number="609"/>
						<line hits="0" number="610"/>
						<line hits="0" number="620"/>
						<line hits="0" number="623"/>
						<line hits="0" number="625"/>
						<line hits="1" number="626"/>
						<line hits="0" number="644"/>
						<line branch="true" condition-coverage="50% (1/2)" hits="1" missing-branches="648" number="647"/>
						<line hits="0" number="648"/>
						<line hits="1" number="651"/>
						<line hits="0" number="653"/>
						<line branch="true" condition-coverage="50% (1/2)" hits="1" missing-branches="657" number="656"/>
						<line hits="0" number="657"/>
						<line hits="1" number="660"/>
						<line hits="0" number="662"/>
						<line branch="true" condition-coverage="50% (1/2)" hits="1" missing-branches="666" number="665"/>
						<line hits="0" number="666"/>
						<line branch="true" condition-coverage="100% (2/2)" hits="1" number="668"/>
						<line hits="0" number="673"/>
						<line hits="0" number="675"/>
						<line hits="0" number="676"/>
						<line hits="0" number="677"/>
						<line hits="0" number="678"/>
						<line hits="0" number="686"/>
						<line branch="true" condition-coverage="0% (0/2)" hits="0" missing-branches="689,696" number="688"/>
						<line hits="0" number="689"/>
						<line branch="true" condition-coverage="0% (0/2)" hits="0" missing-branches="697,704" number="696"/>
						<line hits="0" number="697"/>
						<line branch="true" condition-coverage="0% (0/2)" hits="0" missing-branches="705,707" number="704"/>
						<line hits="0" number="705"/>
						<line hits="0" number="707"/>
						<line hits="0" number="709"/>
						<line branch="true" condition-coverage="50% (1/2)" hits="1" missing-branches="714" number="713"/>
						<line hits="0" number="714"/>
						<line branch="true" condition-coverage="100% (2/2)" hits="1" number="716"/>
						<line hits="0" number="721"/>
						<line branch="true" condition-coverage="50% (1/2)" hits="1" missing-branches="723" number="722"/>
						<line hits="0" number="723"/>
						<line branch="true" condition-coverage="100% (2/2)" hits="1" number="724"/>
						<line hits="1" number="725"/>
						<line branch="true" condition-coverage="50% (1/2)" hits="1" missing-branches="742" number="726"/>
						<line hits="1" number="727"/>
						<line hits="1" number="728"/>
						<line hits="0" number="729"/>
						<line hits="0" number="730"/>
						<line branch="true" condition-coverage="50% (1/2)" hits="1" missing-branches="733" number="732"/>
						<line hits="0" number="733"/>
						<line hits="1" number="740"/>
						<line hits="0" number="742"/>
						<line hits="0" number="754"/>
						<line hits="1" number="757"/>
						<line branch="true" condition-coverage="50% (1/2)" hits="1" missing-branches="760" number="759"/>
						<line hits="0" number="760"/>
						<line branch="true" condition-coverage="50% (1/2)" hits="1" missing-branches="762" number="761"/>
						<line hits="0" number="762"/>
						<line branch="true" condition-coverage="50% (1/2)" hits="1" missing-branches="769" number="764"/>
						<line branch="true" condition-coverage="100% (2/2)" hits="1" number="765"/>
						<line hits="0" number="769"/>
						<line hits="0" number="771"/>
						<line branch="true" condition-coverage="0% (0/2)" hits="0" missing-branches="773,783" number="772"/>
						<line hits="0" number="773"/>
						<line hits="0" number="783"/>
						<line hits="0" number="785"/>
						<line branch="true" condition-coverage="50% (1/2)" hits="1" missing-branches="787" number="786"/>
						<line hits="0" number="787"/>
						<line branch="true" condition-coverage="100% (2/2)" hits="1" number="789"/>
						<line hits="0" number="794"/>
						<line hits="1" number="803"/>
						<line branch="true" condition-coverage="50% (1/2)" hits="1" missing-branches="807" number="805"/>
						<line branch="true" condition-coverage="0% (0/2)" hits="0" missing-branches="808,811" number="807"/>
						<line hits="0" number="808"/>
						<line branch="true" condition-coverage="0% (0/2)" hits="0" missing-branches="812,820" number="811"/>
						<line hits="0" number="812"/>
						<line hits="0" number="820"/>
						<line branch="true" condition-coverage="50% (1/2)" hits="1" missing-branches="823" number="821"/>
						<line hits="0" number="823"/>
						<line branch="true" condition-coverage="0% (0/2)" hits="0" missing-branches="825,827" number="824"/>
						<line hits="0" number="825"/>
						<line hits="0" number="827"/>
						<line hits="1" number="830"/>
						<line hits="1" number="833"/>
						<line hits="1" number="834"/>
						<line hits="0" number="835"/>
						<line hits="0" number="836"/>
						<line hits="1" number="844"/>
						<line hits="0" number="846"/>
						<line branch="true" condition-coverage="50% (1/2)" hits="1" missing-branches="850" number="849"/>
						<line hits="0" number="850"/>
						<line hits="1" number="852"/>
						<line hits="0" number="854"/>
						<line branch="true" condition-coverage="50% (1/2)" hits="1" missing-branches="858" number="857"/>
						<line hits="0" number="858"/>
						<line hits="1" number="860"/>
						<line hits="0" number="862"/>
						<line branch="true" condition-coverage="50% (1/2)" hits="1" missing-branches="866" number="865"/>
						<line hits="0" number="866"/>
						<line hits="1" number="868"/>
						<line hits="0" number="870"/>
						<line branch="true" condition-coverage="50% (1/2)" hits="1" missing-branches="875" number="874"/>
						<line hits="0" number="875"/>
						<line branch="true" condition-coverage="100% (2/2)" hits="1" number="877"/>
						<line hits="0" number="882"/>
						<line hits="0" number="883"/>
						<line hits="0" number="884"/>
						<line hits="0" number="885"/>
						<line hits="0" number="886"/>
						<line branch="true" condition-coverage="0% (0/2)" hits="0" missing-branches="889,897" number="888"/>
						<line hits="0" number="889"/>
						<line branch="true" condition-coverage="0% (0/2)" hits="0" missing-branches="898,907" number="897"/>
						<line hits="0" number="898"/>
						<line branch="true" condition-coverage="0% (0/2)" hits="0" missing-branches="909,919" number="907"/>
						<line hits="0" number="909"/>
						<line branch="true" condition-coverage="0% (0/2)" hits="0" missing-branches="920,930" number="919"/>
						<line hits="0" number="920"/>
						<line hits="0" number="930"/>
						<line hits="0" number="932"/>
						<line branch="true" condition-coverage="50% (1/2)" hits="1" missing-branches="936" number="935"/>
						<line hits="0" number="936"/>
						<line hits="1" number="938"/>
						<line hits="0" number="940"/>
						<line branch="true" condition-coverage="50% (1/2)" hits="1" missing-branches="946" number="943"/>
						<line hits="1" number="944"/>
						<line hits="0" number="946"/>
						<line hits="0" number="947"/>
						<line hits="0" number="948"/>
						<line hits="0" number="949"/>
						<line branch="true" condition-coverage="0% (0/2)" hits="0" missing-branches="959,961" number="958"/>
						<line hits="0" number="959"/>
						<line hits="0" number="961"/>
						<line hits="0" number="963"/>
						<line hits="1" number="968"/>
						<line hits="1" number="969"/>
						<line branch="true" condition-coverage="100% (2/2)" hits="1" number="970"/>
						<line branch="true" condition-coverage="50% (1/2)" hits="1" missing-branches="972" number="971"/>
						<line hits="0" number="972"/>
						<line branch="true" condition-coverage="100% (2/2)" hits="1" number="973"/>
						<line hits="1" number="974"/>
						<line branch="true" condition-coverage="50% (1/2)" hits="1" missing-branches="976" number="975"/>
						<line hits="0" number="976"/>
						<line hits="1" number="987"/>
						<line hits="0" number="989"/>
						<line branch="true" condition-coverage="100% (2/2)" hits="1" number="991"/>
						<line branch="true" condition-coverage="50% (1/2)" hits="1" missing-branches="993" number="992"/>
						<line hits="0" number="993"/>
						<line hits="1" number="999"/>
						<line hits="0" number="1002"/>
						<line hits="0" number="1004"/>
						<line hits="0" number="1005"/>
						<line hits="0" number="1006"/>
						<line hits="0" number="1007"/>
						<line hits="0" number="1017"/>
						<line hits="0" number="1020"/>
						<line branch="true" condition-coverage="0% (0/2)" hits="0" missing-branches="1022,1025" number="1021"/>
						<line hits="0" number="1022"/>
						<line branch="true" condition-coverage="0% (0/2)" hits="0" missing-branches="1026,1028" number="1025"/>
						<line hits="0" number="1026"/>
						<line branch="true" condition-coverage="0% (0/2)" hits="0" missing-branches="1029,1031" number="1028"/>
						<line hits="0" number="1029"/>
						<line hits="0" number="1031"/>
						<line branch="true" condition-coverage="0% (0/2)" hits="0" missing-branches="1033,1044" number="1032"/>
						<line hits="0" number="1033"/>
						<line hits="0" number="1044"/>
						<line hits="0" number="1046"/>
						<line hits="0" number="1047"/>
						<line hits="0" number="1048"/>
						<line hits="0" number="1049"/>
						<line hits="0" number="1050"/>
						<line hits="0" number="1052"/>
						<line hits="0" number="1054"/>
						<line branch="true" condition-coverage="0% (0/2)" hits="0" missing-branches="1058,1060" number="1057"/>
						<line hits="0" number="1058"/>
						<line hits="0" number="1060"/>
						<line hits="0" number="1062"/>
						<line branch="true" condition-coverage="0% (0/2)" hits="0" missing-branches="1066,1067" number="1065"/>
						<line hits="0" number="1066"/>
						<line branch="true" condition-coverage="0% (0/2)" hits="0" missing-branches="1068,1070" number="1067"/>
						<line hits="0" number="1068"/>
						<line hits="0" number="1070"/>
						<line hits="0" number="1072"/>
						<line branch="true" condition-coverage="0% (0/2)" hits="0" missing-branches="1076,1077" number="1075"/>
						<line hits="0" number="1076"/>
						<line branch="true" condition-coverage="0% (0/2)" hits="0" missing-branches="1078,1080" number="1077"/>
						<line hits="0" number="1078"/>
						<line hits="0" number="1080"/>
						<line hits="0" number="1082"/>
						<line branch="true" condition-coverage="0% (0/2)" hits="0" missing-branches="1086,1088" number="1085"/>
						<line hits="0" number="1086"/>
						<line hits="0" number="1088"/>
						<line hits="0" number="1090"/>
						<line hits="0" number="1091"/>
						<line hits="0" number="1092"/>
						<line hits="0" number="1093"/>
						<line hits="0" number="1094"/>
						<line hits="0" number="1095"/>
						<line hits="0" number="1097"/>
						<line branch="true" condition-coverage="0% (0/2)" hits="0" missing-branches="exit,1099" number="1098"/>
						<line hits="0" number="1099"/>
						<line hits="0" number="1105"/>
						<line hits="0" number="1106"/>
						<line hits="0" number="1115"/>
						<line hits="0" number="1116"/>
						<line hits="0" number="1125"/>
						<line hits="0" number="1126"/>
					</lines>
				</class>
				<class branch-rate="0.5" complexity="0" filename="/home/ronozor/Downloads/Projects/SmartStorageProject/SSVenv3/lib/python3.6/site-packages/django/contrib/admin/decorators.py" line-rate="0.7143" name="decorators.py">
					<methods/>
					<lines>
						<line hits="0" number="1"/>
						<line hits="1" number="12"/>
						<line hits="1" number="13"/>
						<line hits="1" number="15"/>
						<line branch="true" condition-coverage="50% (1/2)" hits="1" missing-branches="17" number="16"/>
						<line hits="0" number="17"/>
						<line hits="1" number="19"/>
						<line branch="true" condition-coverage="50% (1/2)" hits="1" missing-branches="22" number="21"/>
						<line hits="0" number="22"/>
						<line branch="true" condition-coverage="50% (1/2)" hits="1" missing-branches="25" number="24"/>
						<line hits="0" number="25"/>
						<line hits="1" number="27"/>
						<line hits="1" number="29"/>
						<line hits="1" number="30"/>
					</lines>
				</class>
				<class branch-rate="0" complexity="0" filename="/home/ronozor/Downloads/Projects/SmartStorageProject/SSVenv3/lib/python3.6/site-packages/django/contrib/admin/models.py" line-rate="0.4524" name="models.py">
					<methods/>
					<lines>
						<line hits="1" number="1"/>
						<line hits="1" number="3"/>
						<line hits="1" number="4"/>
						<line hits="1" number="5"/>
						<line hits="1" number="6"/>
						<line hits="1" number="7"/>
						<line hits="1" number="8"/>
						<line hits="1" number="9"/>
						<line hits="1" number="10"/>
						<line hits="1" number="12"/>
						<line hits="1" number="13"/>
						<line hits="1" number="14"/>
						<line hits="1" number="16"/>
						<line hits="1" number="23"/>
						<line hits="1" number="24"/>
						<line hits="1" number="26"/>
						<line branch="true" condition-coverage="0% (0/2)" hits="0" missing-branches="28,29" number="27"/>
						<line hits="0" number="28"/>
						<line hits="0" number="29"/>
						<line hits="1" number="39"/>
						<line hits="1" number="40"/>
						<line hits="1" number="45"/>
						<line hits="1" number="50"/>
						<line hits="1" number="56"/>
						<line hits="1" number="58"/>
						<line hits="1" number="59"/>
						<line hits="1" number="61"/>
						<line hits="1" number="63"/>
						<line hits="1" number="65"/>
						<line hits="1" number="66"/>
						<line hits="1" number="67"/>
						<line hits="1" number="68"/>
						<line hits="1" number="69"/>
						<line hits="1" number="71"/>
						<line hits="0" number="72"/>
						<line hits="1" number="74"/>
						<line branch="true" condition-coverage="0% (0/2)" hits="0" missing-branches="76,77" number="75"/>
						<line hits="0" number="76"/>
						<line branch="true" condition-coverage="0% (0/2)" hits="0" missing-branches="78,82" number="77"/>
						<line hits="0" number="78"/>
						<line branch="true" condition-coverage="0% (0/2)" hits="0" missing-branches="83,85" number="82"/>
						<line hits="0" number="83"/>
						<line hits="0" number="85"/>
						<line hits="1" number="87"/>
						<line hits="0" number="88"/>
						<line hits="1" number="90"/>
						<line hits="0" number="91"/>
						<line hits="1" number="93"/>
						<line hits="0" number="94"/>
						<line hits="1" number="96"/>
						<line branch="true" condition-coverage="0% (0/2)" hits="0" missing-branches="102,134" number="101"/>
						<line hits="0" number="102"/>
						<line hits="0" number="103"/>
						<line hits="0" number="104"/>
						<line hits="0" number="105"/>
						<line hits="0" number="106"/>
						<line branch="true" condition-coverage="0% (0/2)" hits="0" missing-branches="108,131" number="107"/>
						<line branch="true" condition-coverage="0% (0/2)" hits="0" missing-branches="109,115" number="108"/>
						<line branch="true" condition-coverage="0% (0/2)" hits="0" missing-branches="110,113" number="109"/>
						<line hits="0" number="110"/>
						<line hits="0" number="111"/>
						<line hits="0" number="113"/>
						<line branch="true" condition-coverage="0% (0/2)" hits="0" missing-branches="116,127" number="115"/>
						<line hits="0" number="116"/>
						<line branch="true" condition-coverage="0% (0/2)" hits="0" missing-branches="120,125" number="119"/>
						<line hits="0" number="120"/>
						<line hits="0" number="121"/>
						<line hits="0" number="125"/>
						<line branch="true" condition-coverage="0% (0/2)" hits="0" missing-branches="107,128" number="127"/>
						<line hits="0" number="128"/>
						<line hits="0" number="129"/>
						<line branch="true" condition-coverage="0% (0/2)" hits="0" missing-branches="exit,132" number="131"/>
						<line hits="0" number="132"/>
						<line hits="0" number="134"/>
						<line hits="1" number="136"/>
						<line hits="0" number="138"/>
						<line hits="1" number="140"/>
						<line branch="true" condition-coverage="0% (0/2)" hits="0" missing-branches="145,150" number="144"/>
						<line hits="0" number="145"/>
						<line hits="0" number="146"/>
						<line hits="0" number="147"/>
						<line hits="0" number="148"/>
						<line hits="0" number="149"/>
						<line hits="0" number="150"/>
					</lines>
				</class>
				<class branch-rate="0.01282" complexity="0" filename="/home/ronozor/Downloads/Projects/SmartStorageProject/SSVenv3/lib/python3.6/site-packages/django/contrib/admin/options.py" line-rate="0.02207" name="options.py">
					<methods/>
					<lines>
						<line hits="0" number="1"/>
						<line hits="0" number="2"/>
						<line hits="0" number="3"/>
						<line hits="0" number="4"/>
						<line hits="0" number="5"/>
						<line hits="0" number="6"/>
						<line hits="0" number="7"/>
						<line hits="0" number="9"/>
						<line hits="0" number="10"/>
						<line hits="0" number="11"/>
						<line hits="0" number="12"/>
						<line hits="0" number="13"/>
						<line hits="0" number="16"/>
						<line hits="0" number="17"/>
						<line hits="0" number="18"/>
						<line hits="0" number="23"/>
						<line hits="0" number="24"/>
						<line hits="0" number="27"/>
						<line hits="0" number="28"/>
						<line hits="0" number="31"/>
						<line hits="0" number="32"/>
						<line hits="0" number="33"/>
						<line hits="0" number="34"/>
						<line hits="0" number="35"/>
						<line hits="0" number="36"/>
						<line hits="0" number="40"/>
						<line hits="0" number="41"/>
						<line hits="0" number="42"/>
						<line hits="0" number="43"/>
						<line hits="0" number="44"/>
						<line hits="0" number="45"/>
						<line hits="0" number="46"/>
						<line hits="0" number="47"/>
						<line hits="0" number="48"/>
						<line hits="0" number="49"/>
						<line hits="0" number="50"/>
						<line hits="0" number="51"/>
						<line hits="0" number="52"/>
						<line hits="0" number="53"/>
						<line hits="0" number="55"/>
						<line hits="0" number="56"/>
						<line hits="0" number="59"/>
						<line hits="0" number="62"/>
						<line hits="0" number="65"/>
						<line hits="0" number="66"/>
						<line hits="0" number="69"/>
						<line hits="0" number="70"/>
						<line hits="0" number="73"/>
						<line hits="0" number="74"/>
						<line hits="0" number="80"/>
						<line hits="0" number="98"/>
						<line hits="0" number="101"/>
						<line hits="0" number="104"/>
						<line hits="0" number="105"/>
						<line hits="0" number="106"/>
						<line hits="0" number="107"/>
						<line hits="0" number="108"/>
						<line hits="0" number="109"/>
						<line hits="0" number="110"/>
						<line hits="0" number="111"/>
						<line hits="0" number="112"/>
						<line hits="0" number="113"/>
						<line hits="0" number="114"/>
						<line hits="0" number="115"/>
						<line hits="0" number="116"/>
						<line hits="0" number="117"/>
						<line hits="0" number="118"/>
						<line hits="0" number="119"/>
						<line hits="0" number="120"/>
						<line hits="0" number="122"/>
						<line hits="1" number="123"/>
						<line hits="0" number="125"/>
						<line hits="1" number="128"/>
						<line branch="true" condition-coverage="50% (1/2)" hits="1" missing-branches="130" number="129"/>
						<line hits="0" number="130"/>
						<line hits="1" number="131"/>
						<line hits="0" number="133"/>
						<line branch="true" condition-coverage="0% (0/2)" hits="0" missing-branches="143,146" number="142"/>
						<line hits="0" number="143"/>
						<line branch="true" condition-coverage="0% (0/2)" hits="0" missing-branches="151,182" number="146"/>
						<line branch="true" condition-coverage="0% (0/2)" hits="0" missing-branches="152,155" number="151"/>
						<line hits="0" number="152"/>
						<line branch="true" condition-coverage="0% (0/2)" hits="0" missing-branches="156,157" number="155"/>
						<line hits="0" number="156"/>
						<line branch="true" condition-coverage="0% (0/2)" hits="0" missing-branches="158,164" number="157"/>
						<line hits="0" number="158"/>
						<line branch="true" condition-coverage="0% (0/2)" hits="0" missing-branches="165,178" number="164"/>
						<line hits="0" number="165"/>
						<line hits="0" number="166"/>
						<line branch="true" condition-coverage="0% (0/2)" hits="0" missing-branches="168,174" number="167"/>
						<line hits="0" number="168"/>
						<line hits="0" number="174"/>
						<line hits="0" number="178"/>
						<line branch="true" condition-coverage="0% (0/2)" hits="0" missing-branches="183,188" number="182"/>
						<line branch="true" condition-coverage="0% (0/2)" hits="0" missing-branches="182,184" number="183"/>
						<line hits="0" number="184"/>
						<line hits="0" number="185"/>
						<line hits="0" number="188"/>
						<line hits="0" number="190"/>
						<line branch="true" condition-coverage="0% (0/2)" hits="0" missing-branches="197,206" number="195"/>
						<line branch="true" condition-coverage="0% (0/2)" hits="0" missing-branches="198,201" number="197"/>
						<line hits="0" number="198"/>
						<line branch="true" condition-coverage="0% (0/2)" hits="0" missing-branches="202,206" number="201"/>
						<line hits="0" number="202"/>
						<line hits="0" number="206"/>
						<line hits="0" number="208"/>
						<line hits="0" number="214"/>
						<line branch="true" condition-coverage="0% (0/2)" hits="0" missing-branches="216,219" number="215"/>
						<line hits="0" number="216"/>
						<line branch="true" condition-coverage="0% (0/2)" hits="0" missing-branches="218,219" number="217"/>
						<line hits="0" number="218"/>
						<line hits="0" number="219"/>
						<line hits="0" number="221"/>
						<line hits="0" number="225"/>
						<line branch="true" condition-coverage="0% (0/2)" hits="0" missing-branches="228,238" number="227"/>
						<line branch="true" condition-coverage="0% (0/2)" hits="0" missing-branches="229,230" number="228"/>
						<line hits="0" number="229"/>
						<line branch="true" condition-coverage="0% (0/2)" hits="0" missing-branches="231,232" number="230"/>
						<line hits="0" number="231"/>
						<line branch="true" condition-coverage="0% (0/2)" hits="0" missing-branches="233,238" number="232"/>
						<line hits="0" number="233"/>
						<line hits="0" number="236"/>
						<line branch="true" condition-coverage="0% (0/2)" hits="0" missing-branches="239,243" number="238"/>
						<line hits="0" number="239"/>
						<line branch="true" condition-coverage="0% (0/2)" hits="0" missing-branches="241,243" number="240"/>
						<line hits="0" number="241"/>
						<line hits="0" number="243"/>
						<line hits="0" number="245"/>
						<line branch="true" condition-coverage="0% (0/2)" hits="0" missing-branches="252,253" number="251"/>
						<line hits="0" number="252"/>
						<line hits="0" number="253"/>
						<line hits="0" number="255"/>
						<line branch="true" condition-coverage="0% (0/2)" hits="0" missing-branches="257,258" number="256"/>
						<line hits="0" number="257"/>
						<line branch="true" condition-coverage="0% (0/2)" hits="0" missing-branches="259,260" number="258"/>
						<line hits="0" number="259"/>
						<line branch="true" condition-coverage="0% (0/2)" hits="0" missing-branches="261,266" number="260"/>
						<line hits="0" number="261"/>
						<line branch="true" condition-coverage="0% (0/2)" hits="0" missing-branches="267,271" number="266"/>
						<line hits="0" number="267"/>
						<line branch="true" condition-coverage="0% (0/2)" hits="0" missing-branches="269,271" number="268"/>
						<line hits="0" number="269"/>
						<line hits="0" number="271"/>
						<line branch="true" condition-coverage="0% (0/2)" hits="0" missing-branches="274,277" number="272"/>
						<line hits="0" number="274"/>
						<line hits="0" number="275"/>
						<line hits="0" number="276"/>
						<line hits="0" number="277"/>
						<line hits="0" number="279"/>
						<line hits="0" number="284"/>
						<line hits="0" number="286"/>
						<line branch="true" condition-coverage="0% (0/2)" hits="0" missing-branches="288,290" number="287"/>
						<line hits="0" number="288"/>
						<line branch="true" condition-coverage="0% (0/2)" hits="0" missing-branches="291,292" number="290"/>
						<line hits="0" number="291"/>
						<line branch="true" condition-coverage="0% (0/2)" hits="0" missing-branches="exit,294" number="292"/>
						<line hits="0" number="294"/>
						<line hits="0" number="299"/>
						<line hits="0" number="303"/>
						<line hits="0" number="304"/>
						<line hits="0" number="305"/>
						<line hits="0" number="306"/>
						<line hits="0" number="308"/>
						<line hits="0" number="312"/>
						<line hits="0" number="314"/>
						<line branch="true" condition-coverage="0% (0/2)" hits="0" missing-branches="319,321" number="318"/>
						<line hits="0" number="319"/>
						<line hits="0" number="321"/>
						<line hits="0" number="322"/>
						<line hits="0" number="324"/>
						<line branch="true" condition-coverage="0% (0/2)" hits="0" missing-branches="329,330" number="328"/>
						<line hits="0" number="329"/>
						<line hits="0" number="330"/>
						<line hits="0" number="332"/>
						<line hits="0" number="336"/>
						<line hits="0" number="338"/>
						<line hits="0" number="342"/>
						<line hits="0" number="344"/>
						<line hits="0" number="348"/>
						<line hits="0" number="350"/>
						<line hits="0" number="355"/>
						<line hits="0" number="357"/>
						<line branch="true" condition-coverage="0% (0/2)" hits="0" missing-branches="359,360" number="358"/>
						<line hits="0" number="359"/>
						<line hits="0" number="360"/>
						<line hits="0" number="362"/>
						<line hits="0" number="364"/>
						<line hits="0" number="366"/>
						<line hits="0" number="367"/>
						<line hits="0" number="369"/>
						<line branch="true" condition-coverage="0% (0/2)" hits="0" missing-branches="375,380" number="373"/>
						<line branch="true" condition-coverage="0% (0/2)" hits="0" missing-branches="376,377" number="375"/>
						<line hits="0" number="376"/>
						<line branch="true" condition-coverage="0% (0/2)" hits="0" missing-branches="373,378" number="377"/>
						<line hits="0" number="378"/>
						<line hits="0" number="380"/>
						<line hits="0" number="381"/>
						<line branch="true" condition-coverage="0% (0/2)" hits="0" missing-branches="383,402" number="382"/>
						<line hits="0" number="383"/>
						<line hits="0" number="384"/>
						<line hits="0" number="385"/>
						<line hits="0" number="388"/>
						<line branch="true" condition-coverage="0% (0/2)" hits="0" missing-branches="394,395" number="392"/>
						<line hits="0" number="394"/>
						<line branch="true" condition-coverage="0% (0/2)" hits="0" missing-branches="398,399" number="395"/>
						<line hits="0" number="398"/>
						<line hits="0" number="399"/>
						<line hits="0" number="400"/>
						<line branch="true" condition-coverage="0% (0/2)" hits="0" missing-branches="404,405" number="402"/>
						<line hits="0" number="404"/>
						<line hits="0" number="405"/>
						<line branch="true" condition-coverage="0% (0/2)" hits="0" missing-branches="407,415" number="406"/>
						<line branch="true" condition-coverage="0% (0/2)" hits="0" missing-branches="408,409" number="407"/>
						<line hits="0" number="408"/>
						<line branch="true" condition-coverage="0% (0/2)" hits="0" missing-branches="410,412" number="409"/>
						<line hits="0" number="410"/>
						<line hits="0" number="412"/>
						<line hits="0" number="415"/>
						<line hits="0" number="420"/>
						<line hits="0" number="425"/>
						<line hits="0" number="427"/>
						<line hits="0" number="428"/>
						<line hits="0" number="429"/>
						<line hits="0" number="430"/>
						<line branch="true" condition-coverage="0% (0/2)" hits="0" missing-branches="435,439" number="434"/>
						<line hits="0" number="435"/>
						<line branch="true" condition-coverage="0% (0/2)" hits="0" missing-branches="440,445" number="439"/>
						<line branch="true" condition-coverage="0% (0/2)" hits="0" missing-branches="439,441" number="440"/>
						<line hits="0" number="441"/>
						<line hits="0" number="445"/>
						<line branch="true" condition-coverage="0% (0/2)" hits="0" missing-branches="447,451" number="446"/>
						<line hits="0" number="447"/>
						<line branch="true" condition-coverage="0% (0/2)" hits="0" missing-branches="446,449" number="448"/>
						<line hits="0" number="449"/>
						<line branch="true" condition-coverage="0% (0/2)" hits="0" missing-branches="exit,455" number="451"/>
						<line branch="true" condition-coverage="0% (0/2)" hits="0" missing-branches="456,463" number="455"/>
						<line hits="0" number="456"/>
						<line hits="0" number="457"/>
						<line branch="true" condition-coverage="0% (0/3)" hits="0" missing-branches="exit,455,461" number="458"/>
						<line hits="0" number="461"/>
						<line hits="0" number="463"/>
						<line hits="0" number="465"/>
						<line hits="0" number="470"/>
						<line hits="0" number="471"/>
						<line hits="0" number="472"/>
						<line hits="0" number="474"/>
						<line hits="0" number="485"/>
						<line hits="0" number="486"/>
						<line hits="0" number="487"/>
						<line hits="0" number="489"/>
						<line hits="0" number="500"/>
						<line hits="0" number="501"/>
						<line hits="0" number="502"/>
						<line hits="0" number="504"/>
						<line hits="0" number="515"/>
						<line hits="0" number="516"/>
						<line hits="0" number="517"/>
						<line hits="0" number="518"/>
						<line hits="0" number="523"/>
						<line hits="0" number="524"/>
						<line hits="0" number="526"/>
						<line hits="0" number="537"/>
						<line hits="0" number="540"/>
						<line hits="0" number="543"/>
						<line hits="0" number="544"/>
						<line hits="0" number="545"/>
						<line hits="0" number="546"/>
						<line hits="0" number="547"/>
						<line hits="0" number="548"/>
						<line hits="0" number="549"/>
						<line hits="0" number="550"/>
						<line hits="0" number="551"/>
						<line hits="0" number="552"/>
						<line hits="0" number="553"/>
						<line hits="0" number="554"/>
						<line hits="0" number="555"/>
						<line hits="0" number="556"/>
						<line hits="0" number="557"/>
						<line hits="0" number="560"/>
						<line hits="0" number="561"/>
						<line hits="0" number="562"/>
						<line hits="0" number="563"/>
						<line hits="0" number="564"/>
						<line hits="0" number="565"/>
						<line hits="0" number="566"/>
						<line hits="0" number="569"/>
						<line hits="0" number="570"/>
						<line hits="0" number="571"/>
						<line hits="0" number="572"/>
						<line hits="0" number="573"/>
						<line hits="0" number="574"/>
						<line hits="0" number="576"/>
						<line hits="1" number="577"/>
						<line hits="1" number="578"/>
						<line hits="1" number="579"/>
						<line hits="1" number="580"/>
						<line hits="0" number="582"/>
						<line hits="0" number="583"/>
						<line hits="0" number="585"/>
						<line hits="0" number="586"/>
						<line branch="true" condition-coverage="0% (0/2)" hits="0" missing-branches="588,599" number="587"/>
						<line hits="0" number="588"/>
						<line branch="true" condition-coverage="0% (0/2)" hits="0" missing-branches="590,597" number="589"/>
						<line hits="0" number="590"/>
						<line branch="true" condition-coverage="0% (0/2)" hits="0" missing-branches="594,595" number="591"/>
						<line hits="0" number="594"/>
						<line branch="true" condition-coverage="0% (0/2)" hits="0" missing-branches="596,597" number="595"/>
						<line hits="0" number="596"/>
						<line hits="0" number="597"/>
						<line hits="0" number="599"/>
						<line hits="0" number="601"/>
						<line hits="1" number="602"/>
						<line hits="1" number="604"/>
						<line hits="1" number="605"/>
						<line hits="0" number="606"/>
						<line hits="1" number="607"/>
						<line hits="1" number="608"/>
						<line hits="1" number="610"/>
						<line hits="1" number="612"/>
						<line hits="1" number="624"/>
						<line hits="0" number="626"/>
						<line hits="1" number="628"/>
						<line hits="0" number="630"/>
						<line hits="0" number="632"/>
						<line hits="0" number="633"/>
						<line branch="true" condition-coverage="0% (0/2)" hits="0" missing-branches="exit,exit" number="643"/>
						<line hits="0" number="645"/>
						<line hits="0" number="651"/>
						<line hits="0" number="658"/>
						<line hits="0" number="659"/>
						<line hits="0" number="661"/>
						<line branch="true" condition-coverage="0% (0/2)" hits="0" missing-branches="667,669" number="666"/>
						<line hits="0" number="667"/>
						<line hits="0" number="669"/>
						<line hits="0" number="670"/>
						<line hits="0" number="671"/>
						<line hits="0" number="672"/>
						<line hits="0" number="673"/>
						<line branch="true" condition-coverage="0% (0/2)" hits="0" missing-branches="677,678" number="676"/>
						<line hits="0" number="677"/>
						<line branch="true" condition-coverage="0% (0/2)" hits="0" missing-branches="681,684" number="678"/>
						<line hits="0" number="681"/>
						<line hits="0" number="684"/>
						<line branch="true" condition-coverage="0% (0/2)" hits="0" missing-branches="exit,691" number="687"/>
						<line hits="0" number="691"/>
						<line hits="0" number="693"/>
						<line branch="true" condition-coverage="0% (0/2)" hits="0" missing-branches="702,704" number="701"/>
						<line hits="0" number="702"/>
						<line hits="0" number="704"/>
						<line hits="0" number="705"/>
						<line hits="0" number="706"/>
						<line hits="0" number="707"/>
						<line hits="0" number="712"/>
						<line hits="0" number="716"/>
						<line hits="0" number="717"/>
						<line hits="0" number="719"/>
						<line hits="0" number="724"/>
						<line hits="0" number="725"/>
						<line branch="true" condition-coverage="0% (0/2)" hits="0" missing-branches="728,729" number="727"/>
						<line hits="0" number="728"/>
						<line hits="0" number="729"/>
						<line hits="0" number="730"/>
						<line hits="0" number="731"/>
						<line hits="0" number="747"/>
						<line hits="0" number="753"/>
						<line hits="0" number="754"/>
						<line hits="0" number="755"/>
						<line hits="0" number="756"/>
						<line hits="0" number="757"/>
						<line hits="0" number="758"/>
						<line hits="0" number="759"/>
						<line hits="0" number="760"/>
						<line hits="0" number="762"/>
						<line hits="0" number="766"/>
						<line branch="true" condition-coverage="0% (0/2)" hits="0" missing-branches="771,773" number="770"/>
						<line hits="0" number="771"/>
						<line hits="0" number="773"/>
						<line hits="0" number="775"/>
						<line hits="0" number="780"/>
						<line hits="0" number="784"/>
						<line hits="0" number="789"/>
						<line branch="true" condition-coverage="0% (0/2)" hits="0" missing-branches="exit,794" number="793"/>
						<line hits="0" number="794"/>
						<line hits="0" number="796"/>
						<line hits="0" number="797"/>
						<line hits="0" number="799"/>
						<line hits="0" number="805"/>
						<line hits="0" number="806"/>
						<line hits="0" number="815"/>
						<line hits="0" number="821"/>
						<line hits="0" number="822"/>
						<line hits="0" number="831"/>
						<line hits="0" number="838"/>
						<line hits="0" number="839"/>
						<line hits="0" number="847"/>
						<line hits="0" number="851"/>
						<line hits="0" number="852"/>
						<line hits="0" number="854"/>
						<line hits="1" number="856"/>
						<line branch="true" condition-coverage="100% (2/2)" hits="1" number="859"/>
						<line hits="1" number="860"/>
						<line hits="1" number="861"/>
						<line branch="true" condition-coverage="100% (2/2)" hits="1" number="863"/>
						<line hits="1" number="865"/>
						<line hits="0" number="867"/>
						<line hits="0" number="869"/>
						<line branch="true" condition-coverage="0% (0/2)" hits="0" missing-branches="871,881" number="870"/>
						<line hits="0" number="871"/>
						<line branch="true" condition-coverage="0% (0/2)" hits="0" missing-branches="873,875" number="872"/>
						<line hits="0" number="873"/>
						<line hits="0" number="874"/>
						<line branch="true" condition-coverage="0% (0/2)" hits="0" missing-branches="exit,879" number="875"/>
						<line branch="true" condition-coverage="0% (0/3)" hits="0" missing-branches="exit,870,880" number="879"/>
						<line hits="0" number="880"/>
						<line hits="0" number="881"/>
						<line hits="0" number="883"/>
						<line branch="true" condition-coverage="0% (0/2)" hits="0" missing-branches="891,892" number="890"/>
						<line hits="0" number="891"/>
						<line hits="0" number="892"/>
						<line branch="true" condition-coverage="0% (0/2)" hits="0" missing-branches="exit,exit" number="894"/>
						<line hits="0" number="899"/>
						<line hits="0" number="904"/>
						<line branch="true" condition-coverage="0% (0/2)" hits="0" missing-branches="906,908" number="905"/>
						<line hits="0" number="906"/>
						<line hits="0" number="907"/>
						<line hits="0" number="908"/>
						<line hits="0" number="910"/>
						<line branch="true" condition-coverage="0% (0/2)" hits="0" missing-branches="918,924" number="917"/>
						<line hits="0" number="918"/>
						<line hits="0" number="919"/>
						<line branch="true" condition-coverage="0% (0/2)" hits="0" missing-branches="925,929" number="924"/>
						<line hits="0" number="925"/>
						<line hits="0" number="929"/>
						<line hits="0" number="930"/>
						<line hits="0" number="931"/>
						<line hits="0" number="932"/>
						<line branch="true" condition-coverage="0% (0/2)" hits="0" missing-branches="935,937" number="934"/>
						<line hits="0" number="935"/>
						<line hits="0" number="937"/>
						<line hits="0" number="938"/>
						<line hits="0" number="940"/>
						<line hits="0" number="945"/>
						<line hits="0" number="947"/>
						<line branch="true" condition-coverage="0% (0/2)" hits="0" missing-branches="954,957" number="953"/>
						<line hits="0" number="954"/>
						<line hits="0" number="957"/>
						<line hits="0" number="959"/>
						<line hits="0" number="964"/>
						<line hits="0" number="966"/>
						<line hits="0" number="971"/>
						<line hits="0" number="973"/>
						<line hits="0" number="978"/>
						<line hits="0" number="980"/>
						<line hits="0" number="986"/>
						<line branch="true" condition-coverage="0% (0/2)" hits="0" missing-branches="988,989" number="987"/>
						<line hits="0" number="988"/>
						<line branch="true" condition-coverage="0% (0/2)" hits="0" missing-branches="990,991" number="989"/>
						<line hits="0" number="990"/>
						<line branch="true" condition-coverage="0% (0/2)" hits="0" missing-branches="992,994" number="991"/>
						<line hits="0" number="992"/>
						<line hits="0" number="994"/>
						<line hits="0" number="995"/>
						<line hits="0" number="997"/>
						<line branch="true" condition-coverage="0% (0/2)" hits="0" missing-branches="999,1013" number="998"/>
						<line branch="true" condition-coverage="0% (0/2)" hits="0" missing-branches="1000,1001" number="999"/>
						<line hits="0" number="1000"/>
						<line hits="0" number="1001"/>
						<line hits="0" number="1002"/>
						<line hits="0" number="1003"/>
						<line branch="true" condition-coverage="0% (0/2)" hits="0" missing-branches="998,1006" number="1005"/>
						<line hits="0" number="1006"/>
						<line hits="0" number="1008"/>
						<line branch="true" condition-coverage="0% (0/2)" hits="0" missing-branches="998,1011" number="1009"/>
						<line hits="0" number="1011"/>
						<line hits="0" number="1013"/>
						<line hits="0" number="1015"/>
						<line hits="0" number="1016"/>
[...]
						<line hits="1" number="50"/>
						<line hits="0" number="51"/>
						<line hits="0" number="52"/>
						<line hits="0" number="53"/>
						<line hits="0" number="54"/>
						<line hits="1" number="56"/>
						<line hits="0" number="57"/>
						<line hits="0" number="58"/>
						<line hits="0" number="59"/>
						<line hits="0" number="60"/>
						<line hits="1" number="62"/>
						<line branch="true" condition-coverage="0% (0/2)" hits="0" missing-branches="64,74" number="63"/>
						<line hits="0" number="64"/>
						<line branch="true" condition-coverage="0% (0/2)" hits="0" missing-branches="66,69" number="65"/>
						<line hits="0" number="66"/>
						<line hits="0" number="67"/>
						<line hits="0" number="69"/>
						<line branch="true" condition-coverage="0% (0/2)" hits="0" missing-branches="71,74" number="70"/>
						<line hits="0" number="71"/>
						<line hits="0" number="72"/>
						<line hits="0" number="74"/>
						<line hits="1" number="76"/>
						<line hits="1" number="77"/>
						<line hits="1" number="78"/>
						<line hits="1" number="79"/>
						<line hits="1" number="80"/>
						<line hits="1" number="81"/>
						<line hits="1" number="82"/>
						<line hits="1" number="83"/>
						<line hits="1" number="84"/>
						<line hits="1" number="86"/>
						<line hits="0" number="87"/>
						<line hits="0" number="88"/>
						<line hits="0" number="89"/>
						<line hits="0" number="90"/>
						<line hits="0" number="91"/>
						<line hits="0" number="92"/>
						<line hits="0" number="94"/>
						<line hits="1" number="96"/>
						<line hits="0" number="98"/>
						<line hits="0" number="99"/>
						<line hits="1" number="101"/>
						<line hits="0" number="103"/>
						<line hits="0" number="104"/>
						<line hits="0" number="105"/>
						<line hits="0" number="106"/>
						<line hits="0" number="107"/>
						<line hits="1" number="109"/>
						<line branch="true" condition-coverage="50% (1/2)" hits="1" missing-branches="114" number="113"/>
						<line hits="0" number="114"/>
						<line hits="1" number="116"/>
						<line hits="1" number="117"/>
						<line hits="1" number="120"/>
						<line hits="1" number="121"/>
						<line hits="1" number="122"/>
						<line hits="1" number="123"/>
						<line hits="1" number="124"/>
						<line hits="1" number="126"/>
						<line hits="1" number="127"/>
						<line hits="1" number="134"/>
						<line hits="1" number="136"/>
					</lines>
				</class>
			</classes>
		</package>
		<package branch-rate="1" complexity="0" line-rate="1" name=".home.ronozor.Downloads.Projects.SmartStorageProject.SSVenv3.lib.python3.6.site-packages.django_jenkins.management">
			<classes>
				<class branch-rate="1" complexity="0" filename="/home/ronozor/Downloads/Projects/SmartStorageProject/SSVenv3/lib/python3.6/site-packages/django_jenkins/management/__init__.py" line-rate="1" name="__init__.py">
					<methods/>
					<lines/>
				</class>
			</classes>
		</package>
		<package branch-rate="0.5" complexity="0" line-rate="0.7849" name=".home.ronozor.Downloads.Projects.SmartStorageProject.SSVenv3.lib.python3.6.site-packages.django_jenkins.management.commands">
			<classes>
				<class branch-rate="1" complexity="0" filename="/home/ronozor/Downloads/Projects/SmartStorageProject/SSVenv3/lib/python3.6/site-packages/django_jenkins/management/commands/__init__.py" line-rate="1" name="__init__.py">
					<methods/>
					<lines/>
				</class>
				<class branch-rate="0.5" complexity="0" filename="/home/ronozor/Downloads/Projects/SmartStorageProject/SSVenv3/lib/python3.6/site-packages/django_jenkins/management/commands/jenkins.py" line-rate="0.7849" name="jenkins.py">
					<methods/>
					<lines>
						<line hits="1" number="1"/>
						<line hits="1" number="2"/>
						<line hits="1" number="3"/>
						<line hits="1" number="4"/>
						<line hits="1" number="6"/>
						<line hits="1" number="7"/>
						<line hits="1" number="8"/>
						<line hits="1" number="10"/>
						<line hits="1" number="13"/>
						<line branch="true" condition-coverage="50% (1/2)" hits="1" missing-branches="18" number="14"/>
						<line hits="1" number="15"/>
						<line hits="1" number="18"/>
						<line hits="1" number="19"/>
						<line hits="1" number="20"/>
						<line branch="true" condition-coverage="50% (1/2)" hits="1" missing-branches="23" number="22"/>
						<line hits="0" number="23"/>
						<line hits="1" number="25"/>
						<line hits="1" number="28"/>
						<line hits="1" number="29"/>
						<line hits="1" number="30"/>
						<line branch="true" condition-coverage="100% (2/2)" hits="1" number="31"/>
						<line branch="true" condition-coverage="100% (2/2)" hits="1" number="33"/>
						<line hits="1" number="34"/>
						<line hits="1" number="36"/>
						<line hits="1" number="42"/>
						<line branch="true" condition-coverage="100% (2/2)" hits="1" number="43"/>
						<line branch="true" condition-coverage="50% (1/2)" hits="1" missing-branches="45" number="44"/>
						<line hits="0" number="45"/>
						<line hits="0" number="46"/>
						<line hits="1" number="47"/>
						<line hits="1" number="49"/>
						<line hits="1" number="50"/>
						<line hits="1" number="52"/>
						<line hits="1" number="53"/>
						<line hits="1" number="54"/>
						<line hits="1" number="56"/>
						<line hits="1" number="59"/>
						<line hits="1" number="62"/>
						<line hits="1" number="66"/>
						<line hits="1" number="70"/>
						<line hits="1" number="73"/>
						<line hits="1" number="77"/>
						<line branch="true" condition-coverage="50% (1/2)" hits="1" missing-branches="79" number="78"/>
						<line branch="true" condition-coverage="0% (0/2)" hits="0" missing-branches="78,80" number="79"/>
						<line hits="0" number="80"/>
						<line hits="1" number="82"/>
						<line branch="true" condition-coverage="50% (1/2)" hits="1" missing-branches="exit" number="84"/>
						<line hits="1" number="85"/>
						<line hits="1" number="87"/>
						<line hits="1" number="88"/>
						<line hits="1" number="89"/>
						<line branch="true" condition-coverage="50% (1/2)" hits="1" missing-branches="92" number="91"/>
						<line hits="0" number="92"/>
						<line hits="0" number="93"/>
						<line hits="1" number="95"/>
						<line branch="true" condition-coverage="50% (1/2)" hits="1" missing-branches="99" number="96"/>
						<line hits="1" number="97"/>
						<line hits="1" number="99"/>
						<line branch="true" condition-coverage="50% (1/2)" hits="1" missing-branches="102" number="101"/>
						<line hits="0" number="102"/>
						<line hits="1" number="104"/>
						<line branch="true" condition-coverage="50% (1/2)" hits="1" missing-branches="107" number="106"/>
						<line hits="0" number="107"/>
						<line hits="1" number="109"/>
						<line hits="1" number="111"/>
						<line branch="true" condition-coverage="50% (1/2)" hits="1" missing-branches="119" number="112"/>
						<line branch="true" condition-coverage="50% (1/2)" hits="1" missing-branches="116" number="113"/>
						<line hits="1" number="114"/>
						<line hits="1" number="116"/>
						<line branch="true" condition-coverage="0% (0/2)" hits="0" missing-branches="120,124" number="119"/>
						<line branch="true" condition-coverage="0% (0/2)" hits="0" missing-branches="121,122" number="120"/>
						<line hits="0" number="121"/>
						<line hits="0" number="122"/>
						<line branch="true" condition-coverage="0% (0/2)" hits="0" missing-branches="exit,125" number="124"/>
						<line hits="0" number="125"/>
						<line hits="1" number="127"/>
						<line hits="1" number="128"/>
						<line hits="1" number="130"/>
						<line branch="true" condition-coverage="50% (1/2)" hits="1" missing-branches="132" number="131"/>
						<line hits="0" number="132"/>
						<line branch="true" condition-coverage="50% (1/2)" hits="1" missing-branches="134" number="133"/>
						<line hits="0" number="134"/>
						<line branch="true" condition-coverage="50% (1/2)" hits="1" missing-branches="136" number="135"/>
						<line hits="0" number="136"/>
						<line hits="0" number="137"/>
						<line hits="1" number="139"/>
						<line hits="1" number="140"/>
						<line branch="true" condition-coverage="100% (2/2)" hits="1" number="142"/>
						<line hits="1" number="143"/>
						<line branch="true" condition-coverage="50% (1/2)" hits="1" missing-branches="147" number="144"/>
						<line hits="1" number="145"/>
						<line hits="0" number="147"/>
						<line hits="1" number="149"/>
					</lines>
				</class>
			</classes>
		</package>
		<package branch-rate="0" complexity="0" line-rate="0.02326" name=".home.ronozor.Downloads.Projects.SmartStorageProject.SSVenv3.lib.python3.6.site-packages.django_jenkins.tasks">
			<classes>
				<class branch-rate="0" complexity="0" filename="/home/ronozor/Downloads/Projects/SmartStorageProject/SSVenv3/lib/python3.6/site-packages/django_jenkins/tasks/with_coverage.py" line-rate="0.02326" name="with_coverage.py">
					<methods/>
					<lines>
						<line hits="0" number="1"/>
						<line hits="0" number="2"/>
						<line hits="0" number="3"/>
						<line hits="0" number="5"/>
						<line hits="0" number="8"/>
						<line hits="0" number="9"/>
						<line hits="0" number="10"/>
						<line hits="0" number="11"/>
						<line hits="0" number="12"/>
						<line hits="0" number="13"/>
						<line branch="true" condition-coverage="0% (0/2)" hits="0" missing-branches="16,18" number="15"/>
						<line hits="0" number="16"/>
						<line hits="0" number="18"/>
						<line branch="true" condition-coverage="0% (0/2)" hits="0" missing-branches="20,23" number="19"/>
						<line branch="true" condition-coverage="0% (0/2)" hits="0" missing-branches="19,21" number="20"/>
						<line hits="0" number="21"/>
						<line hits="0" number="23"/>
						<line hits="0" number="26"/>
						<line hits="0" number="28"/>
						<line hits="1" number="29"/>
						<line hits="0" number="30"/>
						<line hits="0" number="31"/>
						<line branch="true" condition-coverage="0% (0/2)" hits="0" missing-branches="34,35" number="33"/>
						<line hits="0" number="34"/>
						<line branch="true" condition-coverage="0% (0/2)" hits="0" missing-branches="36,37" number="35"/>
						<line hits="0" number="36"/>
						<line branch="true" condition-coverage="0% (0/2)" hits="0" missing-branches="exit,39" number="37"/>
						<line hits="0" number="39"/>
						<line hits="0" number="41"/>
						<line hits="0" number="42"/>
						<line hits="0" number="45"/>
						<line branch="true" condition-coverage="0% (0/2)" hits="0" missing-branches="47,53" number="46"/>
						<line hits="0" number="47"/>
						<line hits="0" number="48"/>
						<line hits="0" number="49"/>
						<line hits="0" number="50"/>
						<line hits="0" number="53"/>
						<line branch="true" condition-coverage="0% (0/4)" hits="0" missing-branches="exit,exit,exit,exit" number="55"/>
						<line hits="0" number="61"/>
						<line hits="0" number="62"/>
						<line branch="true" condition-coverage="0% (0/2)" hits="0" missing-branches="64,65" number="63"/>
						<line hits="0" number="64"/>
						<line hits="0" number="65"/>
					</lines>
				</class>
			</classes>
		</package>
		<package branch-rate="0" complexity="0" line-rate="0.2988" name="form">
			<classes>
				<class branch-rate="1" complexity="0" filename="form/admin.py" line-rate="1" name="admin.py">
					<methods/>
					<lines>
						<line hits="1" number="1"/>
						<line hits="1" number="2"/>
						<line hits="1" number="4"/>
					</lines>
				</class>
				<class branch-rate="1" complexity="0" filename="form/forms.py" line-rate="1" name="forms.py">
					<methods/>
					<lines>
						<line hits="1" number="1"/>
						<line hits="1" number="2"/>
						<line hits="1" number="3"/>
						<line hits="1" number="4"/>
					</lines>
				</class>
				<class branch-rate="1" complexity="0" filename="form/models.py" line-rate="1" name="models.py">
					<methods/>
					<lines>
						<line hits="1" number="1"/>
						<line hits="1" number="2"/>
						<line hits="1" number="5"/>
						<line hits="1" number="6"/>
						<line hits="1" number="7"/>
						<line hits="1" number="8"/>
					</lines>
				</class>
				<class branch-rate="0" complexity="0" filename="form/stack_build.py" line-rate="0.3571" name="stack_build.py">
					<methods/>
					<lines>
						<line hits="1" number="1"/>
						<line hits="1" number="2"/>
						<line hits="1" number="3"/>
						<line hits="1" number="4"/>
						<line hits="1" number="6"/>
						<line hits="1" number="7"/>
						<line hits="1" number="8"/>
						<line hits="1" number="9"/>
						<line hits="1" number="10"/>
						<line hits="1" number="11"/>
						<line hits="1" number="13"/>
						<line hits="1" number="14"/>
						<line hits="0" number="15"/>
						<line hits="0" number="16"/>
						<line hits="0" number="17"/>
						<line hits="0" number="18"/>
						<line hits="0" number="19"/>
						<line hits="0" number="20"/>
						<line hits="1" number="22"/>
						<line hits="0" number="23"/>
						<line hits="1" number="28"/>
						<line branch="true" condition-coverage="0% (0/2)" hits="0" missing-branches="exit,30" number="29"/>
						<line hits="0" number="30"/>
						<line hits="1" number="46"/>
						<line hits="0" number="47"/>
						<line hits="0" number="48"/>
						<line hits="0" number="49"/>
						<line hits="0" number="50"/>
						<line hits="0" number="51"/>
						<line hits="0" number="66"/>
						<line hits="0" number="67"/>
						<line hits="0" number="68"/>
						<line branch="true" condition-coverage="0% (0/2)" hits="0" missing-branches="70,72" number="69"/>
						<line hits="0" number="70"/>
						<line hits="0" number="72"/>
						<line hits="0" number="77"/>
						<line hits="0" number="79"/>
						<line hits="0" number="86"/>
						<line hits="0" number="87"/>
						<line hits="0" number="91"/>
						<line hits="0" number="99"/>
						<line hits="0" number="109"/>
					</lines>
				</class>
				<class branch-rate="1" complexity="0" filename="form/tests.py" line-rate="1" name="tests.py">
					<methods/>
					<lines>
						<line hits="1" number="1"/>
					</lines>
				</class>
				<class branch-rate="1" complexity="0" filename="form/urls.py" line-rate="1" name="urls.py">
					<methods/>
					<lines>
						<line hits="1" number="1"/>
						<line hits="1" number="2"/>
						<line hits="1" number="3"/>
						<line hits="1" number="5"/>
					</lines>
				</class>
				<class branch-rate="0" complexity="0" filename="form/views.py" line-rate="0.1538" name="views.py">
					<methods/>
					<lines>
						<line hits="1" number="1"/>
						<line hits="1" number="2"/>
						<line hits="1" number="3"/>
						<line hits="1" number="4"/>
						<line hits="1" number="5"/>
						<line hits="1" number="6"/>
						<line hits="1" number="7"/>
						<line hits="1" number="8"/>
						<line hits="1" number="11"/>
						<line hits="0" number="12"/>
						<line hits="1" number="14"/>
						<line hits="0" number="15"/>
						<line hits="1" number="17"/>
						<line hits="0" number="18"/>
						<line hits="1" number="20"/>
						<line branch="true" condition-coverage="0% (0/2)" hits="0" missing-branches="exit,22" number="21"/>
						<line branch="true" condition-coverage="0% (0/2)" hits="0" missing-branches="exit,23" number="22"/>
						<line hits="0" number="23"/>
						<line hits="0" number="24"/>
						<line hits="0" number="25"/>
						<line hits="0" number="26"/>
						<line hits="0" number="27"/>
						<line hits="0" number="28"/>
						<line hits="1" number="31"/>
						<line branch="true" condition-coverage="0% (0/2)" hits="0" missing-branches="exit,33" number="32"/>
						<line hits="0" number="33"/>
						<line hits="0" number="36"/>
						<line hits="1" number="38"/>
						<line branch="true" condition-coverage="0% (0/2)" hits="0" missing-branches="exit,40" number="39"/>
						<line branch="true" condition-coverage="0% (0/2)" hits="0" missing-branches="exit,41" number="40"/>
						<line hits="0" number="41"/>
						<line hits="0" number="42"/>
						<line hits="0" number="43"/>
						<line hits="0" number="44"/>
						<line branch="true" condition-coverage="0% (0/2)" hits="0" missing-branches="46,53" number="45"/>
						<line branch="true" condition-coverage="0% (0/2)" hits="0" missing-branches="47,52" number="46"/>
						<line hits="0" number="47"/>
						<line hits="0" number="48"/>
						<line hits="0" number="49"/>
						<line hits="0" number="50"/>
						<line hits="0" number="52"/>
						<line branch="true" condition-coverage="0% (0/2)" hits="0" missing-branches="55,58" number="53"/>
						<line hits="0" number="55"/>
						<line hits="0" number="58"/>
						<line hits="1" number="60"/>
						<line branch="true" condition-coverage="0% (0/2)" hits="0" missing-branches="exit,62" number="61"/>
						<line hits="0" number="62"/>
						<line hits="0" number="63"/>
						<line hits="0" number="64"/>
						<line branch="true" condition-coverage="0% (0/2)" hits="0" missing-branches="66,69" number="65"/>
						<line branch="true" condition-coverage="0% (0/2)" hits="0" missing-branches="65,67" number="66"/>
						<line hits="0" number="67"/>
						<line hits="0" number="68"/>
						<line hits="0" number="69"/>
						<line hits="0" number="70"/>
						<line hits="0" number="71"/>
						<line hits="0" number="72"/>
						<line hits="0" number="73"/>
						<line hits="0" number="74"/>
						<line hits="0" number="76"/>
						<line hits="0" number="77"/>
						<line hits="0" number="78"/>
						<line hits="0" number="79"/>
						<line hits="0" number="80"/>
						<line hits="0" number="81"/>
						<line hits="0" number="82"/>
						<line hits="0" number="83"/>
						<line hits="0" number="84"/>
						<line hits="0" number="85"/>
						<line hits="1" number="87"/>
						<line hits="0" number="88"/>
						<line hits="0" number="89"/>
						<line hits="0" number="90"/>
						<line hits="0" number="91"/>
						<line hits="0" number="92"/>
						<line hits="0" number="93"/>
						<line hits="0" number="94"/>
						<line hits="0" number="95"/>
						<line hits="0" number="96"/>
						<line hits="0" number="97"/>
						<line hits="0" number="98"/>
						<line hits="0" number="99"/>
						<line branch="true" condition-coverage="0% (0/2)" hits="0" missing-branches="101,117" number="100"/>
						<line branch="true" condition-coverage="0% (0/2)" hits="0" missing-branches="100,102" number="101"/>
						<line hits="0" number="102"/>
						<line hits="0" number="103"/>
						<line hits="0" number="104"/>
						<line hits="0" number="105"/>
						<line hits="0" number="106"/>
						<line hits="0" number="107"/>
						<line hits="0" number="108"/>
						<line hits="0" number="109"/>
						<line hits="0" number="110"/>
						<line hits="0" number="111"/>
						<line hits="0" number="112"/>
						<line hits="0" number="113"/>
						<line hits="0" number="114"/>
						<line hits="0" number="115"/>
						<line hits="0" number="116"/>
						<line branch="true" condition-coverage="0% (0/2)" hits="0" missing-branches="118,133" number="117"/>
						<line hits="0" number="118"/>
						<line hits="0" number="131"/>
						<line hits="0" number="133"/>
						<line hits="0" number="137"/>
					</lines>
				</class>
			</classes>
		</package>
		<package branch-rate="1" complexity="0" line-rate="0.625" name="form.templatetags">
			<classes>
				<class branch-rate="1" complexity="0" filename="form/templatetags/__init__.py" line-rate="1" name="__init__.py">
					<methods/>
					<lines/>
				</class>
				<class branch-rate="1" complexity="0" filename="form/templatetags/filter_strings.py" line-rate="0.625" name="filter_strings.py">
					<methods/>
					<lines>
						<line hits="1" number="1"/>
						<line hits="1" number="3"/>
						<line hits="1" number="5"/>
						<line hits="0" number="7"/>
						<line hits="1" number="9"/>
						<line hits="0" number="11"/>
						<line hits="1" number="13"/>
						<line hits="0" number="15"/>
					</lines>
				</class>
			</classes>
		</package>
	</packages>
</coverage>
